-- Found ament_cmake: 0.9.12 (/opt/ros/foxy/share/ament_cmake/cmake)
-- Found PythonInterp: /home/nvidia/anaconda3/bin/python3 (found suitable version "3.11.5", minimum required is "3") 
-- Using PYTHON_EXECUTABLE: /home/nvidia/anaconda3/bin/python3
-- Override CMake install command with custom implementation using symlinks instead of copying resources
-- Found rclcpp: 2.4.3 (/opt/ros/foxy/share/rclcpp/cmake)
-- Using all available rosidl_typesupport_c: rosidl_typesupport_fastrtps_c;rosidl_typesupport_introspection_c
-- Found rosidl_adapter: 1.3.1 (/opt/ros/foxy/share/rosidl_adapter/cmake)
-- Using all available rosidl_typesupport_cpp: rosidl_typesupport_fastrtps_cpp;rosidl_typesupport_introspection_cpp
-- Found rmw_implementation_cmake: 1.0.4 (/opt/ros/foxy/share/rmw_implementation_cmake/cmake)
-- Using RMW implementation 'rmw_fastrtps_cpp' as default
-- Found sensor_msgs: 2.0.5 (/opt/ros/foxy/share/sensor_msgs/cmake)
-- Found rosidl_default_generators: 1.0.1 (/opt/ros/foxy/share/rosidl_default_generators/cmake)
-- Found PythonInterp: /home/nvidia/anaconda3/bin/python3 (found version "3.11.5") 
-- Found ament_cmake_ros: 0.9.2 (/opt/ros/foxy/share/ament_cmake_ros/cmake)
-- Using all available rosidl_typesupport_c: rosidl_typesupport_fastrtps_c;rosidl_typesupport_introspection_c
-- Using all available rosidl_typesupport_cpp: rosidl_typesupport_fastrtps_cpp;rosidl_typesupport_introspection_cpp
-- Found PythonInterp: /home/nvidia/anaconda3/bin/python3 (found suitable version "3.11.5", minimum required is "3.5") 
-- Found python_cmake_module: 0.8.1 (/opt/ros/foxy/share/python_cmake_module/cmake)
-- Using PYTHON_EXECUTABLE: /home/nvidia/anaconda3/bin/python3
-- Using PYTHON_INCLUDE_DIRS: /home/nvidia/anaconda3/include/python3.11
-- Using PYTHON_LIBRARIES: /home/nvidia/anaconda3/lib/libpython3.11.so
-- Configuring done
-- Generating done
-- Build files have been written to: /home/nvidia/robotics-orin/build/absenc_interface
[  2%] Built target absenc_interface__cpp
[ 11%] Built target absenc_interface__rosidl_generator_c
[ 20%] Built target absenc_interface__rosidl_typesupport_cpp
[ 29%] Built target absenc_interface__rosidl_typesupport_introspection_cpp
[ 38%] Built target absenc_interface__rosidl_typesupport_c
[ 47%] Built target absenc_interface__rosidl_typesupport_fastrtps_cpp
[ 55%] Built target absenc_interface__rosidl_typesupport_introspection_c
[ 64%] Built target absenc_interface__rosidl_typesupport_fastrtps_c
[ 64%] Built target absenc_interface
[35m[1mScanning dependencies of target absenc_node[0m
[ 67%] [32mBuilding CXX object CMakeFiles/absenc_node.dir/src/absenc_node.cpp.o[0m
[ 70%] Built target absenc_interface__py
[ 76%] Built target absenc_interface__python
[ 82%] Built target absenc_interface__rosidl_typesupport_c__pyext
[ 88%] Built target absenc_interface__rosidl_typesupport_fastrtps_c__pyext
[ 94%] Built target absenc_interface__rosidl_typesupport_introspection_c__pyext
[01m[K/home/nvidia/robotics-orin/src/absenc_interface/src/absenc_node.cpp:144:23:[m[K [01;31m[Kerror: [m[Kâ€˜[01m[Karm_controller[m[Kâ€™ was not declared in this scope
  144 |     rclcpp::Publisher<[01;31m[Karm_controller[m[K::msg::ArmMotorValues>::SharedPtr arm_controller_publisher;
      |                       [01;31m[K^~~~~~~~~~~~~~[m[K
[01m[K/home/nvidia/robotics-orin/src/absenc_interface/src/absenc_node.cpp:144:58:[m[K [01;31m[Kerror: [m[Ktemplate argument 1 is invalid
  144 |     rclcpp::Publisher<arm_controller::msg::ArmMotorValues[01;31m[K>[m[K::SharedPtr arm_controller_publisher;
      |                                                          [01;31m[K^[m[K
[01m[K/home/nvidia/robotics-orin/src/absenc_interface/src/absenc_node.cpp:144:61:[m[K [01;31m[Kerror: [m[Kexpected â€˜[01m[K;[m[Kâ€™ at end of member declaration
  144 |     rclcpp::Publisher<arm_controller::msg::ArmMotorValues>::[01;31m[KSharedPtr[m[K arm_controller_publisher;
      |                                                             [01;31m[K^~~~~~~~~[m[K
      |                                                                      [32m[K;[m[K
[01m[K/home/nvidia/robotics-orin/src/absenc_interface/src/absenc_node.cpp:144:71:[m[K [01;31m[Kerror: [m[Kâ€˜[01m[Karm_controller_publisher[m[Kâ€™ does not name a type
  144 |     rclcpp::Publisher<arm_controller::msg::ArmMotorValues>::SharedPtr [01;31m[Karm_controller_publisher[m[K;
      |                                                                       [01;31m[K^~~~~~~~~~~~~~~~~~~~~~~~[m[K
[01m[K/home/nvidia/robotics-orin/src/absenc_interface/src/absenc_node.cpp:[m[K In constructor â€˜[01m[KAbsEnc::AbsEnc()[m[Kâ€™:
[01m[K/home/nvidia/robotics-orin/src/absenc_interface/src/absenc_node.cpp:48:7:[m[K [01;31m[Kerror: [m[Kâ€˜[01m[Karm_controller_publisher[m[Kâ€™ was not declared in this scope
   48 |       [01;31m[Karm_controller_publisher[m[K = this->create_publisher<arm_controller::msg::ArmMotorValues>("arm_values",10);
      |       [01;31m[K^~~~~~~~~~~~~~~~~~~~~~~~[m[K
[01m[K/home/nvidia/robotics-orin/src/absenc_interface/src/absenc_node.cpp:48:57:[m[K [01;31m[Kerror: [m[Kâ€˜[01m[Karm_controller[m[Kâ€™ was not declared in this scope
   48 |       arm_controller_publisher = this->create_publisher<[01;31m[Karm_controller[m[K::msg::ArmMotorValues>("arm_values",10);
      |                                                         [01;31m[K^~~~~~~~~~~~~~[m[K
[01m[K/home/nvidia/robotics-orin/src/absenc_interface/src/absenc_node.cpp:48:40:[m[K [01;31m[Kerror: [m[Kparse error in template argument list
   48 |       arm_controller_publisher = this->[01;31m[Kcreate_publisher<arm_controller::msg::ArmMotorValues>[m[K("arm_values",10);
      |                                        [01;31m[K^~~~~~~~~~~~~~~~~~~~~~~~~~~~~~~~~~~~~~~~~~~~~~~~~~~~~[m[K
[01m[K/home/nvidia/robotics-orin/src/absenc_interface/src/absenc_node.cpp:48:109:[m[K [01;31m[Kerror: [m[Kno matching function for call to â€˜[01m[KAbsEnc::create_publisher<<expression error> >(const char [11], int)[m[Kâ€™
   48 |       arm_controller_publisher = this->create_publisher<arm_controller::msg::ArmMotorValues>("arm_values",10[01;31m[K)[m[K;
      |                                                                                                             [01;31m[K^[m[K
In file included from [01m[K/opt/ros/foxy/include/rclcpp/node.hpp:1224[m[K,
                 from [01m[K/opt/ros/foxy/include/rclcpp/executors/single_threaded_executor.hpp:28[m[K,
                 from [01m[K/opt/ros/foxy/include/rclcpp/executors.hpp:22[m[K,
                 from [01m[K/opt/ros/foxy/include/rclcpp/rclcpp.hpp:146[m[K,
                 from [01m[K/home/nvidia/robotics-orin/src/absenc_interface/src/absenc_node.cpp:3[m[K:
[01m[K/opt/ros/foxy/include/rclcpp/node_impl.hpp:71:1:[m[K [01;36m[Knote: [m[Kcandidate: â€˜[01m[Ktemplate<class MessageT, class AllocatorT, class PublisherT> std::shared_ptr<PublisherT> rclcpp::Node::create_publisher(const string&, const rclcpp::QoS&, const rclcpp::PublisherOptionsWithAllocator<AllocatorT>&)[m[Kâ€™
   71 | [01;36m[KNode[m[K::create_publisher(
      | [01;36m[K^~~~[m[K
[01m[K/opt/ros/foxy/include/rclcpp/node_impl.hpp:71:1:[m[K [01;36m[Knote: [m[K  template argument deduction/substitution failed:
[01m[K/home/nvidia/robotics-orin/src/absenc_interface/src/absenc_node.cpp:48:109:[m[K [01;31m[Kerror: [m[Ktemplate argument 1 is invalid
   48 |       arm_controller_publisher = this->create_publisher<arm_controller::msg::ArmMotorValues>("arm_values",10[01;31m[K)[m[K;
      |                                                                                                             [01;31m[K^[m[K
[01m[K/home/nvidia/robotics-orin/src/absenc_interface/src/absenc_node.cpp:[m[K In member function â€˜[01m[Kvoid AbsEnc::ikValuesCallback(sensor_msgs::msg::JointState_<std::allocator<void> >::SharedPtr)[m[Kâ€™:
[01m[K/home/nvidia/robotics-orin/src/absenc_interface/src/absenc_node.cpp:87:24:[m[K [01;31m[Kerror: [m[Kâ€˜[01m[Karm_controller[m[Kâ€™ has not been declared
   87 |       auto arm_msg_2 = [01;31m[Karm_controller[m[K::msg::ArmMotorValues();
      |                        [01;31m[K^~~~~~~~~~~~~~[m[K
[01m[K/home/nvidia/robotics-orin/src/absenc_interface/src/absenc_node.cpp:90:25:[m[K [01;35m[Kwarning: [m[Kcomparison of integer expressions of different signedness: â€˜[01m[Kint[m[Kâ€™ and â€˜[01m[Kstd::array<float, 4>::size_type[m[Kâ€™ {aka â€˜[01m[Klong unsigned int[m[Kâ€™} [[01;35m[K-Wsign-compare[m[K]
   90 |       for (int i = 0; [01;35m[Ki < std::size(ik_angles)[m[K; i++) {
      |                       [01;35m[K~~^~~~~~~~~~~~~~~~~~~~~~[m[K
[01m[K/home/nvidia/robotics-orin/src/absenc_interface/src/absenc_node.cpp:95:25:[m[K [01;35m[Kwarning: [m[Kcomparison of integer expressions of different signedness: â€˜[01m[Kint[m[Kâ€™ and â€˜[01m[Kstd::array<float, 4>::size_type[m[Kâ€™ {aka â€˜[01m[Klong unsigned int[m[Kâ€™} [[01;35m[K-Wsign-compare[m[K]
   95 |       for (int i = 0; [01;35m[Ki < std::size(ik_angles)[m[K; i++) {
      |                       [01;35m[K~~^~~~~~~~~~~~~~~~~~~~~~[m[K
[01m[K/home/nvidia/robotics-orin/src/absenc_interface/src/absenc_node.cpp:137:7:[m[K [01;31m[Kerror: [m[Kâ€˜[01m[Karm_controller_publisher[m[Kâ€™ was not declared in this scope
  137 |       [01;31m[Karm_controller_publisher[m[K->publish(arm_msg_2);
      |       [01;31m[K^~~~~~~~~~~~~~~~~~~~~~~~[m[K
make[2]: *** [CMakeFiles/absenc_node.dir/build.make:63: CMakeFiles/absenc_node.dir/src/absenc_node.cpp.o] Error 1
make[1]: *** [CMakeFiles/Makefile2:124: CMakeFiles/absenc_node.dir/all] Error 2
make: *** [Makefile:141: all] Error 2
