[5.417s] Invoking command in '/home/nvidia/robotics-orin/build/absenc_interface': CMAKE_PREFIX_PATH=${CMAKE_PREFIX_PATH}:/opt/ros/humble:/home/nvidia/robotics-orin/install/arm_ik:/opt/ros/foxy CONDA_PROMPT_MODIFIER=(base) /usr/bin/cmake /home/nvidia/robotics-orin/src/absenc_interface -DCMAKE_INSTALL_PREFIX=/home/nvidia/robotics-orin/install/absenc_interface
[7.145s] -- Found ament_cmake: 0.9.12 (/opt/ros/foxy/share/ament_cmake/cmake)
[7.145s] -- Found PythonInterp: /home/nvidia/anaconda3/bin/python3 (found suitable version "3.11.5", minimum required is "3") 
[7.145s] -- Using PYTHON_EXECUTABLE: /home/nvidia/anaconda3/bin/python3
[7.145s] -- Override CMake install command with custom implementation using symlinks instead of copying resources
[7.145s] -- Found rclcpp: 2.4.3 (/opt/ros/foxy/share/rclcpp/cmake)
[7.145s] -- Using all available rosidl_typesupport_c: rosidl_typesupport_fastrtps_c;rosidl_typesupport_introspection_c
[7.145s] -- Found rosidl_adapter: 1.3.1 (/opt/ros/foxy/share/rosidl_adapter/cmake)
[7.145s] -- Using all available rosidl_typesupport_cpp: rosidl_typesupport_fastrtps_cpp;rosidl_typesupport_introspection_cpp
[7.146s] -- Found rmw_implementation_cmake: 1.0.4 (/opt/ros/foxy/share/rmw_implementation_cmake/cmake)
[7.146s] -- Using RMW implementation 'rmw_fastrtps_cpp' as default
[7.146s] -- Found sensor_msgs: 2.0.5 (/opt/ros/foxy/share/sensor_msgs/cmake)
[7.146s] -- Found rosidl_default_generators: 1.0.1 (/opt/ros/foxy/share/rosidl_default_generators/cmake)
[7.146s] -- Found PythonInterp: /home/nvidia/anaconda3/bin/python3 (found version "3.11.5") 
[7.146s] -- Found ament_cmake_ros: 0.9.2 (/opt/ros/foxy/share/ament_cmake_ros/cmake)
[7.146s] -- Using all available rosidl_typesupport_c: rosidl_typesupport_fastrtps_c;rosidl_typesupport_introspection_c
[7.146s] -- Using all available rosidl_typesupport_cpp: rosidl_typesupport_fastrtps_cpp;rosidl_typesupport_introspection_cpp
[7.174s] -- Found PythonInterp: /home/nvidia/anaconda3/bin/python3 (found suitable version "3.11.5", minimum required is "3.5") 
[7.183s] -- Found python_cmake_module: 0.8.1 (/opt/ros/foxy/share/python_cmake_module/cmake)
[7.226s] -- Using PYTHON_EXECUTABLE: /home/nvidia/anaconda3/bin/python3
[7.229s] -- Using PYTHON_INCLUDE_DIRS: /home/nvidia/anaconda3/include/python3.11
[7.229s] -- Using PYTHON_LIBRARIES: /home/nvidia/anaconda3/lib/libpython3.11.so
[7.320s] -- Configuring done
[7.431s] -- Generating done
[7.437s] -- Build files have been written to: /home/nvidia/robotics-orin/build/absenc_interface
[7.485s] Invoked command in '/home/nvidia/robotics-orin/build/absenc_interface' returned '0': CMAKE_PREFIX_PATH=${CMAKE_PREFIX_PATH}:/opt/ros/humble:/home/nvidia/robotics-orin/install/arm_ik:/opt/ros/foxy CONDA_PROMPT_MODIFIER=(base) /usr/bin/cmake /home/nvidia/robotics-orin/src/absenc_interface -DCMAKE_INSTALL_PREFIX=/home/nvidia/robotics-orin/install/absenc_interface
[7.487s] Invoking command in '/home/nvidia/robotics-orin/build/absenc_interface': CMAKE_PREFIX_PATH=${CMAKE_PREFIX_PATH}:/opt/ros/humble:/home/nvidia/robotics-orin/install/arm_ik:/opt/ros/foxy CONDA_PROMPT_MODIFIER=(base) /usr/bin/cmake --build /home/nvidia/robotics-orin/build/absenc_interface -- -j6 -l6
[7.806s] [  2%] Built target absenc_interface__cpp
[7.954s] [ 11%] Built target absenc_interface__rosidl_generator_c
[8.008s] [ 20%] Built target absenc_interface__rosidl_typesupport_cpp
[8.055s] [ 29%] Built target absenc_interface__rosidl_typesupport_introspection_cpp
[8.117s] [ 38%] Built target absenc_interface__rosidl_typesupport_c
[8.138s] [ 47%] Built target absenc_interface__rosidl_typesupport_fastrtps_cpp
[8.152s] [ 55%] Built target absenc_interface__rosidl_typesupport_introspection_c
[8.369s] [ 64%] Built target absenc_interface__rosidl_typesupport_fastrtps_c
[8.557s] [ 64%] Built target absenc_interface
[8.617s] [35m[1mScanning dependencies of target absenc_node[0m
[8.723s] [ 67%] [32mBuilding CXX object CMakeFiles/absenc_node.dir/src/absenc_node.cpp.o[0m
[8.737s] [ 70%] Built target absenc_interface__py
[8.933s] [ 76%] Built target absenc_interface__python
[9.166s] [ 82%] Built target absenc_interface__rosidl_typesupport_c__pyext
[9.206s] [ 88%] Built target absenc_interface__rosidl_typesupport_fastrtps_c__pyext
[9.212s] [ 94%] Built target absenc_interface__rosidl_typesupport_introspection_c__pyext
[14.116s] [01m[K/home/nvidia/robotics-orin/src/absenc_interface/src/absenc_node.cpp:144:23:[m[K [01;31m[Kerror: [m[Kâ€˜[01m[Karm_controller[m[Kâ€™ was not declared in this scope
[14.117s]   144 |     rclcpp::Publisher<[01;31m[Karm_controller[m[K::msg::ArmMotorValues>::SharedPtr arm_controller_publisher;
[14.117s]       |                       [01;31m[K^~~~~~~~~~~~~~[m[K
[14.117s] [01m[K/home/nvidia/robotics-orin/src/absenc_interface/src/absenc_node.cpp:144:58:[m[K [01;31m[Kerror: [m[Ktemplate argument 1 is invalid
[14.117s]   144 |     rclcpp::Publisher<arm_controller::msg::ArmMotorValues[01;31m[K>[m[K::SharedPtr arm_controller_publisher;
[14.117s]       |                                                          [01;31m[K^[m[K
[14.118s] [01m[K/home/nvidia/robotics-orin/src/absenc_interface/src/absenc_node.cpp:144:61:[m[K [01;31m[Kerror: [m[Kexpected â€˜[01m[K;[m[Kâ€™ at end of member declaration
[14.118s]   144 |     rclcpp::Publisher<arm_controller::msg::ArmMotorValues>::[01;31m[KSharedPtr[m[K arm_controller_publisher;
[14.118s]       |                                                             [01;31m[K^~~~~~~~~[m[K
[14.118s]       |                                                                      [32m[K;[m[K
[14.118s] [01m[K/home/nvidia/robotics-orin/src/absenc_interface/src/absenc_node.cpp:144:71:[m[K [01;31m[Kerror: [m[Kâ€˜[01m[Karm_controller_publisher[m[Kâ€™ does not name a type
[14.118s]   144 |     rclcpp::Publisher<arm_controller::msg::ArmMotorValues>::SharedPtr [01;31m[Karm_controller_publisher[m[K;
[14.118s]       |                                                                       [01;31m[K^~~~~~~~~~~~~~~~~~~~~~~~[m[K
[14.221s] [01m[K/home/nvidia/robotics-orin/src/absenc_interface/src/absenc_node.cpp:[m[K In constructor â€˜[01m[KAbsEnc::AbsEnc()[m[Kâ€™:
[14.221s] [01m[K/home/nvidia/robotics-orin/src/absenc_interface/src/absenc_node.cpp:48:7:[m[K [01;31m[Kerror: [m[Kâ€˜[01m[Karm_controller_publisher[m[Kâ€™ was not declared in this scope
[14.222s]    48 |       [01;31m[Karm_controller_publisher[m[K = this->create_publisher<arm_controller::msg::ArmMotorValues>("arm_values",10);
[14.222s]       |       [01;31m[K^~~~~~~~~~~~~~~~~~~~~~~~[m[K
[14.260s] [01m[K/home/nvidia/robotics-orin/src/absenc_interface/src/absenc_node.cpp:48:57:[m[K [01;31m[Kerror: [m[Kâ€˜[01m[Karm_controller[m[Kâ€™ was not declared in this scope
[14.261s]    48 |       arm_controller_publisher = this->create_publisher<[01;31m[Karm_controller[m[K::msg::ArmMotorValues>("arm_values",10);
[14.261s]       |                                                         [01;31m[K^~~~~~~~~~~~~~[m[K
[14.262s] [01m[K/home/nvidia/robotics-orin/src/absenc_interface/src/absenc_node.cpp:48:40:[m[K [01;31m[Kerror: [m[Kparse error in template argument list
[14.262s]    48 |       arm_controller_publisher = this->[01;31m[Kcreate_publisher<arm_controller::msg::ArmMotorValues>[m[K("arm_values",10);
[14.262s]       |                                        [01;31m[K^~~~~~~~~~~~~~~~~~~~~~~~~~~~~~~~~~~~~~~~~~~~~~~~~~~~~[m[K
[14.262s] [01m[K/home/nvidia/robotics-orin/src/absenc_interface/src/absenc_node.cpp:48:109:[m[K [01;31m[Kerror: [m[Kno matching function for call to â€˜[01m[KAbsEnc::create_publisher<<expression error> >(const char [11], int)[m[Kâ€™
[14.263s]    48 |       arm_controller_publisher = this->create_publisher<arm_controller::msg::ArmMotorValues>("arm_values",10[01;31m[K)[m[K;
[14.263s]       |                                                                                                             [01;31m[K^[m[K
[14.263s] In file included from [01m[K/opt/ros/foxy/include/rclcpp/node.hpp:1224[m[K,
[14.263s]                  from [01m[K/opt/ros/foxy/include/rclcpp/executors/single_threaded_executor.hpp:28[m[K,
[14.264s]                  from [01m[K/opt/ros/foxy/include/rclcpp/executors.hpp:22[m[K,
[14.264s]                  from [01m[K/opt/ros/foxy/include/rclcpp/rclcpp.hpp:146[m[K,
[14.264s]                  from [01m[K/home/nvidia/robotics-orin/src/absenc_interface/src/absenc_node.cpp:3[m[K:
[14.264s] [01m[K/opt/ros/foxy/include/rclcpp/node_impl.hpp:71:1:[m[K [01;36m[Knote: [m[Kcandidate: â€˜[01m[Ktemplate<class MessageT, class AllocatorT, class PublisherT> std::shared_ptr<PublisherT> rclcpp::Node::create_publisher(const string&, const rclcpp::QoS&, const rclcpp::PublisherOptionsWithAllocator<AllocatorT>&)[m[Kâ€™
[14.264s]    71 | [01;36m[KNode[m[K::create_publisher(
[14.265s]       | [01;36m[K^~~~[m[K
[14.265s] [01m[K/opt/ros/foxy/include/rclcpp/node_impl.hpp:71:1:[m[K [01;36m[Knote: [m[K  template argument deduction/substitution failed:
[14.265s] [01m[K/home/nvidia/robotics-orin/src/absenc_interface/src/absenc_node.cpp:48:109:[m[K [01;31m[Kerror: [m[Ktemplate argument 1 is invalid
[14.265s]    48 |       arm_controller_publisher = this->create_publisher<arm_controller::msg::ArmMotorValues>("arm_values",10[01;31m[K)[m[K;
[14.266s]       |                                                                                                             [01;31m[K^[m[K
[14.306s] [01m[K/home/nvidia/robotics-orin/src/absenc_interface/src/absenc_node.cpp:[m[K In member function â€˜[01m[Kvoid AbsEnc::ikValuesCallback(sensor_msgs::msg::JointState_<std::allocator<void> >::SharedPtr)[m[Kâ€™:
[14.307s] [01m[K/home/nvidia/robotics-orin/src/absenc_interface/src/absenc_node.cpp:87:24:[m[K [01;31m[Kerror: [m[Kâ€˜[01m[Karm_controller[m[Kâ€™ has not been declared
[14.307s]    87 |       auto arm_msg_2 = [01;31m[Karm_controller[m[K::msg::ArmMotorValues();
[14.307s]       |                        [01;31m[K^~~~~~~~~~~~~~[m[K
[14.307s] [01m[K/home/nvidia/robotics-orin/src/absenc_interface/src/absenc_node.cpp:90:25:[m[K [01;35m[Kwarning: [m[Kcomparison of integer expressions of different signedness: â€˜[01m[Kint[m[Kâ€™ and â€˜[01m[Kstd::array<float, 4>::size_type[m[Kâ€™ {aka â€˜[01m[Klong unsigned int[m[Kâ€™} [[01;35m[K-Wsign-compare[m[K]
[14.307s]    90 |       for (int i = 0; [01;35m[Ki < std::size(ik_angles)[m[K; i++) {
[14.307s]       |                       [01;35m[K~~^~~~~~~~~~~~~~~~~~~~~~[m[K
[14.307s] [01m[K/home/nvidia/robotics-orin/src/absenc_interface/src/absenc_node.cpp:95:25:[m[K [01;35m[Kwarning: [m[Kcomparison of integer expressions of different signedness: â€˜[01m[Kint[m[Kâ€™ and â€˜[01m[Kstd::array<float, 4>::size_type[m[Kâ€™ {aka â€˜[01m[Klong unsigned int[m[Kâ€™} [[01;35m[K-Wsign-compare[m[K]
[14.308s]    95 |       for (int i = 0; [01;35m[Ki < std::size(ik_angles)[m[K; i++) {
[14.308s]       |                       [01;35m[K~~^~~~~~~~~~~~~~~~~~~~~~[m[K
[14.362s] [01m[K/home/nvidia/robotics-orin/src/absenc_interface/src/absenc_node.cpp:137:7:[m[K [01;31m[Kerror: [m[Kâ€˜[01m[Karm_controller_publisher[m[Kâ€™ was not declared in this scope
[14.362s]   137 |       [01;31m[Karm_controller_publisher[m[K->publish(arm_msg_2);
[14.362s]       |       [01;31m[K^~~~~~~~~~~~~~~~~~~~~~~~[m[K
[18.040s] make[2]: *** [CMakeFiles/absenc_node.dir/build.make:63: CMakeFiles/absenc_node.dir/src/absenc_node.cpp.o] Error 1
[18.041s] make[1]: *** [CMakeFiles/Makefile2:124: CMakeFiles/absenc_node.dir/all] Error 2
[18.042s] make: *** [Makefile:141: all] Error 2
[18.663s] Invoked command in '/home/nvidia/robotics-orin/build/absenc_interface' returned '2': CMAKE_PREFIX_PATH=${CMAKE_PREFIX_PATH}:/opt/ros/humble:/home/nvidia/robotics-orin/install/arm_ik:/opt/ros/foxy CONDA_PROMPT_MODIFIER=(base) /usr/bin/cmake --build /home/nvidia/robotics-orin/build/absenc_interface -- -j6 -l6
