[1.956s] Invoking command in '/home/nvidia/robotics-orin/build/absenc_interface': CMAKE_PREFIX_PATH=/opt/ros/foxy CONDA_PROMPT_MODIFIER=(base) /usr/bin/cmake /home/nvidia/robotics-orin/src/absenc_interface -DAMENT_CMAKE_SYMLINK_INSTALL=1 -DCMAKE_INSTALL_PREFIX=/home/nvidia/robotics-orin/install/absenc_interface
[1.990s] -- Found ament_cmake: 0.9.12 (/opt/ros/foxy/share/ament_cmake/cmake)
[2.026s] -- Found PythonInterp: /home/nvidia/anaconda3/bin/python3 (found suitable version "3.11.5", minimum required is "3") 
[2.026s] -- Using PYTHON_EXECUTABLE: /home/nvidia/anaconda3/bin/python3
[2.403s] -- Override CMake install command with custom implementation using symlinks instead of copying resources
[2.415s] -- Found rclcpp: 2.4.3 (/opt/ros/foxy/share/rclcpp/cmake)
[2.463s] -- Using all available rosidl_typesupport_c: rosidl_typesupport_fastrtps_c;rosidl_typesupport_introspection_c
[2.468s] -- Found rosidl_adapter: 1.3.1 (/opt/ros/foxy/share/rosidl_adapter/cmake)
[2.661s] -- Using all available rosidl_typesupport_cpp: rosidl_typesupport_fastrtps_cpp;rosidl_typesupport_introspection_cpp
[2.729s] -- Found rmw_implementation_cmake: 1.0.4 (/opt/ros/foxy/share/rmw_implementation_cmake/cmake)
[2.731s] -- Using RMW implementation 'rmw_fastrtps_cpp' as default
[2.937s] -- Found sensor_msgs: 2.0.5 (/opt/ros/foxy/share/sensor_msgs/cmake)
[3.096s] -- Found rosidl_default_generators: 1.0.1 (/opt/ros/foxy/share/rosidl_default_generators/cmake)
[3.150s] -- Found PythonInterp: /home/nvidia/anaconda3/bin/python3 (found version "3.11.5") 
[3.245s] CMake Error at /opt/ros/foxy/share/rosidl_adapter/cmake/rosidl_adapt_interfaces.cmake:60 (message):
[3.246s]   execute_process(/home/nvidia/anaconda3/bin/python3 -m rosidl_adapter
[3.246s]   --package-name absenc_interface --arguments-file
[3.247s]   /home/nvidia/robotics-orin/build/absenc_interface/rosidl_adapter__arguments__absenc_interface.json
[3.247s]   --output-dir
[3.248s]   /home/nvidia/robotics-orin/build/absenc_interface/rosidl_adapter/absenc_interface
[3.249s]   --output-file
[3.249s]   /home/nvidia/robotics-orin/build/absenc_interface/rosidl_adapter/absenc_interface.idls)
[3.250s]   returned error code 1:
[3.250s] 
[3.251s]   AttributeError processing template 'msg.idl.em'
[3.251s] 
[3.252s]   Traceback (most recent call last):
[3.252s] 
[3.252s]     File "/opt/ros/foxy/lib/python3.8/site-packages/rosidl_adapter/resource/__init__.py", line 48, in evaluate_template
[3.253s]       _interpreter = em.Interpreter(
[3.253s]                      ^^^^^^^^^^^^^^
[3.253s] 
[3.254s]   AttributeError: module 'em' has no attribute 'Interpreter'
[3.254s] 
[3.255s]   
[3.255s] 
[3.256s]   During handling of the above exception, another exception occurred:
[3.256s] 
[3.257s]   
[3.257s] 
[3.258s]   Traceback (most recent call last):
[3.259s] 
[3.259s]     File "<frozen runpy>", line 198, in _run_module_as_main
[3.259s]     File "<frozen runpy>", line 88, in _run_code
[3.260s]     File "/opt/ros/foxy/lib/python3.8/site-packages/rosidl_adapter/__main__.py", line 19, in <module>
[3.261s]       sys.exit(main())
[3.261s]                ^^^^^^
[3.262s]     File "/opt/ros/foxy/lib/python3.8/site-packages/rosidl_adapter/main.py", line 53, in main
[3.262s]       abs_idl_file = convert_to_idl(
[3.263s]                      ^^^^^^^^^^^^^^^
[3.263s]     File "/opt/ros/foxy/lib/python3.8/site-packages/rosidl_adapter/__init__.py", line 19, in convert_to_idl
[3.264s]       return convert_msg_to_idl(
[3.265s]              ^^^^^^^^^^^^^^^^^^^
[3.266s]     File "/opt/ros/foxy/lib/python3.8/site-packages/rosidl_adapter/msg/__init__.py", line 39, in convert_msg_to_idl
[3.267s]       expand_template('msg.idl.em', data, output_file, encoding='iso-8859-1')
[3.267s]     File "/opt/ros/foxy/lib/python3.8/site-packages/rosidl_adapter/resource/__init__.py", line 23, in expand_template
[3.268s]       content = evaluate_template(template_name, data)
[3.268s]                 ^^^^^^^^^^^^^^^^^^^^^^^^^^^^^^^^^^^^^^
[3.269s]     File "/opt/ros/foxy/lib/python3.8/site-packages/rosidl_adapter/resource/__init__.py", line 69, in evaluate_template
[3.269s]       _interpreter.shutdown()
[3.270s]       ^^^^^^^^^^^^^^^^^^^^^
[3.270s] 
[3.271s]   AttributeError: 'NoneType' object has no attribute 'shutdown'
[3.271s] 
[3.272s] Call Stack (most recent call first):
[3.272s]   /opt/ros/foxy/share/rosidl_cmake/cmake/rosidl_generate_interfaces.cmake:130 (rosidl_adapt_interfaces)
[3.274s]   CMakeLists.txt:18 (rosidl_generate_interfaces)
[3.275s] 
[3.307s] 
[3.308s] -- Configuring incomplete, errors occurred!
[3.308s] See also "/home/nvidia/robotics-orin/build/absenc_interface/CMakeFiles/CMakeOutput.log".
[3.309s] See also "/home/nvidia/robotics-orin/build/absenc_interface/CMakeFiles/CMakeError.log".
[3.311s] Invoked command in '/home/nvidia/robotics-orin/build/absenc_interface' returned '1': CMAKE_PREFIX_PATH=/opt/ros/foxy CONDA_PROMPT_MODIFIER=(base) /usr/bin/cmake /home/nvidia/robotics-orin/src/absenc_interface -DAMENT_CMAKE_SYMLINK_INSTALL=1 -DCMAKE_INSTALL_PREFIX=/home/nvidia/robotics-orin/install/absenc_interface
