[1.480s] Invoking command in '/home/nvidia/robotics-orin/build/arm_controller': CMAKE_PREFIX_PATH=/opt/ros/foxy CONDA_PROMPT_MODIFIER=(base) /usr/bin/cmake /home/nvidia/robotics-orin/src/arm_controller -DAMENT_CMAKE_SYMLINK_INSTALL=1 -DCMAKE_INSTALL_PREFIX=/home/nvidia/robotics-orin/install/arm_controller
[1.503s] -- Found ament_cmake: 0.9.12 (/opt/ros/foxy/share/ament_cmake/cmake)
[1.544s] -- Found PythonInterp: /home/nvidia/anaconda3/bin/python3 (found suitable version "3.11.5", minimum required is "3") 
[1.544s] -- Using PYTHON_EXECUTABLE: /home/nvidia/anaconda3/bin/python3
[1.920s] -- Override CMake install command with custom implementation using symlinks instead of copying resources
[1.931s] -- Found rclcpp: 2.4.3 (/opt/ros/foxy/share/rclcpp/cmake)
[1.982s] -- Using all available rosidl_typesupport_c: rosidl_typesupport_fastrtps_c;rosidl_typesupport_introspection_c
[1.986s] -- Found rosidl_adapter: 1.3.1 (/opt/ros/foxy/share/rosidl_adapter/cmake)
[2.172s] -- Using all available rosidl_typesupport_cpp: rosidl_typesupport_fastrtps_cpp;rosidl_typesupport_introspection_cpp
[2.240s] -- Found rmw_implementation_cmake: 1.0.4 (/opt/ros/foxy/share/rmw_implementation_cmake/cmake)
[2.241s] -- Using RMW implementation 'rmw_fastrtps_cpp' as default
[2.437s] -- Found sensor_msgs: 2.0.5 (/opt/ros/foxy/share/sensor_msgs/cmake)
[2.590s] -- Found rosidl_default_generators: 1.0.1 (/opt/ros/foxy/share/rosidl_default_generators/cmake)
[2.619s] CMake Warning at CMakeLists.txt:18 (find_package):
[2.620s]   By not providing "FindJetsonGPIO.cmake" in CMAKE_MODULE_PATH this project
[2.620s]   has asked CMake to find a package configuration file provided by
[2.621s]   "JetsonGPIO", but CMake did not find one.
[2.621s] 
[2.622s]   Could not find a package configuration file provided by "JetsonGPIO" with
[2.623s]   any of the following names:
[2.623s] 
[2.623s]     JetsonGPIOConfig.cmake
[2.623s]     jetsongpio-config.cmake
[2.623s] 
[2.623s]   Add the installation prefix of "JetsonGPIO" to CMAKE_PREFIX_PATH or set
[2.623s]   "JetsonGPIO_DIR" to a directory containing one of the above files.  If
[2.623s]   "JetsonGPIO" provides a separate development package or SDK, be sure it has
[2.624s]   been installed.
[2.624s] 
[2.624s] 
[2.661s] -- Found PythonInterp: /home/nvidia/anaconda3/bin/python3 (found version "3.11.5") 
[2.787s] CMake Error at /opt/ros/foxy/share/rosidl_adapter/cmake/rosidl_adapt_interfaces.cmake:60 (message):
[2.788s]   execute_process(/home/nvidia/anaconda3/bin/python3 -m rosidl_adapter
[2.789s]   --package-name arm_controller --arguments-file
[2.789s]   /home/nvidia/robotics-orin/build/arm_controller/rosidl_adapter__arguments__arm_controller.json
[2.790s]   --output-dir
[2.791s]   /home/nvidia/robotics-orin/build/arm_controller/rosidl_adapter/arm_controller
[2.792s]   --output-file
[2.793s]   /home/nvidia/robotics-orin/build/arm_controller/rosidl_adapter/arm_controller.idls)
[2.794s]   returned error code 1:
[2.796s] 
[2.796s]   AttributeError processing template 'msg.idl.em'
[2.798s] 
[2.799s]   Traceback (most recent call last):
[2.800s] 
[2.801s]     File "/opt/ros/foxy/lib/python3.8/site-packages/rosidl_adapter/resource/__init__.py", line 48, in evaluate_template
[2.802s]       _interpreter = em.Interpreter(
[2.802s]                      ^^^^^^^^^^^^^^
[2.803s] 
[2.804s]   AttributeError: module 'em' has no attribute 'Interpreter'
[2.805s] 
[2.806s]   
[2.807s] 
[2.807s]   During handling of the above exception, another exception occurred:
[2.808s] 
[2.808s]   
[2.809s] 
[2.810s]   Traceback (most recent call last):
[2.810s] 
[2.811s]     File "<frozen runpy>", line 198, in _run_module_as_main
[2.811s]     File "<frozen runpy>", line 88, in _run_code
[2.812s]     File "/opt/ros/foxy/lib/python3.8/site-packages/rosidl_adapter/__main__.py", line 19, in <module>
[2.812s]       sys.exit(main())
[2.816s]                ^^^^^^
[2.817s]     File "/opt/ros/foxy/lib/python3.8/site-packages/rosidl_adapter/main.py", line 53, in main
[2.817s]       abs_idl_file = convert_to_idl(
[2.817s]                      ^^^^^^^^^^^^^^^
[2.817s]     File "/opt/ros/foxy/lib/python3.8/site-packages/rosidl_adapter/__init__.py", line 19, in convert_to_idl
[2.817s]       return convert_msg_to_idl(
[2.817s]              ^^^^^^^^^^^^^^^^^^^
[2.817s]     File "/opt/ros/foxy/lib/python3.8/site-packages/rosidl_adapter/msg/__init__.py", line 39, in convert_msg_to_idl
[2.817s]       expand_template('msg.idl.em', data, output_file, encoding='iso-8859-1')
[2.818s]     File "/opt/ros/foxy/lib/python3.8/site-packages/rosidl_adapter/resource/__init__.py", line 23, in expand_template
[2.818s]       content = evaluate_template(template_name, data)
[2.818s]                 ^^^^^^^^^^^^^^^^^^^^^^^^^^^^^^^^^^^^^^
[2.818s]     File "/opt/ros/foxy/lib/python3.8/site-packages/rosidl_adapter/resource/__init__.py", line 69, in evaluate_template
[2.818s]       _interpreter.shutdown()
[2.818s]       ^^^^^^^^^^^^^^^^^^^^^
[2.818s] 
[2.818s]   AttributeError: 'NoneType' object has no attribute 'shutdown'
[2.818s] 
[2.818s] Call Stack (most recent call first):
[2.819s]   /opt/ros/foxy/share/rosidl_cmake/cmake/rosidl_generate_interfaces.cmake:130 (rosidl_adapt_interfaces)
[2.819s]   CMakeLists.txt:20 (rosidl_generate_interfaces)
[2.819s] 
[2.819s] 
[2.819s] -- Configuring incomplete, errors occurred!
[2.819s] See also "/home/nvidia/robotics-orin/build/arm_controller/CMakeFiles/CMakeOutput.log".
[2.819s] See also "/home/nvidia/robotics-orin/build/arm_controller/CMakeFiles/CMakeError.log".
[2.831s] Invoked command in '/home/nvidia/robotics-orin/build/arm_controller' returned '1': CMAKE_PREFIX_PATH=/opt/ros/foxy CONDA_PROMPT_MODIFIER=(base) /usr/bin/cmake /home/nvidia/robotics-orin/src/arm_controller -DAMENT_CMAKE_SYMLINK_INSTALL=1 -DCMAKE_INSTALL_PREFIX=/home/nvidia/robotics-orin/install/arm_controller
