[0.000000] (-) TimerEvent: {}
[0.000411] (-) JobUnselected: {'identifier': 'arm_controller'}
[0.000710] (-) JobUnselected: {'identifier': 'sil'}
[0.000859] (-) JobUnselected: {'identifier': 'wheels_controller'}
[0.001174] (absenc_interface) JobQueued: {'identifier': 'absenc_interface', 'dependencies': OrderedDict()}
[0.001465] (absenc_interface) JobStarted: {'identifier': 'absenc_interface'}
[0.099526] (-) TimerEvent: {}
[0.200244] (-) TimerEvent: {}
[0.301001] (-) TimerEvent: {}
[0.401780] (-) TimerEvent: {}
[0.502541] (-) TimerEvent: {}
[0.524459] (absenc_interface) JobProgress: {'identifier': 'absenc_interface', 'progress': 'cmake'}
[0.525613] (absenc_interface) Command: {'cmd': ['/usr/bin/cmake', '/home/nvidia/robotics-orin/src/absenc_interface', '-DAMENT_CMAKE_SYMLINK_INSTALL=1', '-DCMAKE_INSTALL_PREFIX=/home/nvidia/robotics-orin/install/absenc_interface'], 'cwd': '/home/nvidia/robotics-orin/build/absenc_interface', 'env': OrderedDict([('LESSOPEN', '| /usr/bin/lesspipe %s'), ('CONDA_PROMPT_MODIFIER', '(base)'), ('LANGUAGE', 'en_CA:en'), ('USER', 'nvidia'), ('SSH_AGENT_PID', '2934'), ('XDG_SESSION_TYPE', 'x11'), ('SHLVL', '1'), ('LD_LIBRARY_PATH', '/opt/ros/foxy/opt/yaml_cpp_vendor/lib:/opt/ros/foxy/opt/rviz_ogre_vendor/lib:/opt/ros/foxy/lib/aarch64-linux-gnu:/opt/ros/foxy/lib:/usr/local/cuda-11.4/lib64:'), ('HOME', '/home/nvidia'), ('CONDA_SHLVL', '1'), ('OLDPWD', '/home/nvidia'), ('DESKTOP_SESSION', 'ubuntu'), ('ROS_PYTHON_VERSION', '3'), ('GNOME_SHELL_SESSION_MODE', 'ubuntu'), ('GTK_MODULES', 'gail:atk-bridge'), ('MANAGERPID', '1909'), ('DBUS_SESSION_BUS_ADDRESS', 'unix:path=/run/user/1000/bus'), ('COLORTERM', 'truecolor'), ('_CE_M', ''), ('IM_CONFIG_PHASE', '1'), ('ROS_DISTRO', 'foxy'), ('LOGNAME', 'nvidia'), ('JOURNAL_STREAM', '8:59929'), ('_', '/usr/bin/colcon'), ('ROS_VERSION', '2'), ('XDG_SESSION_CLASS', 'user'), ('USERNAME', 'nvidia'), ('TERM', 'xterm-256color'), ('GNOME_DESKTOP_SESSION_ID', 'this-is-deprecated'), ('_CE_CONDA', ''), ('ROS_LOCALHOST_ONLY', '0'), ('WINDOWPATH', '2'), ('PATH', '/opt/ros/foxy/bin:/home/nvidia/anaconda3/bin:/home/nvidia/anaconda3/condabin:/usr/local/cuda-11.4/bin:/home/nvidia/.local/bin:/usr/local/sbin:/usr/local/bin:/usr/sbin:/usr/bin:/sbin:/bin:/usr/games:/usr/local/games:/snap/bin'), ('SESSION_MANAGER', 'local/nvidia:@/tmp/.ICE-unix/2971,unix/nvidia:/tmp/.ICE-unix/2971'), ('INVOCATION_ID', 'b0329f79702e4d72833628c80150e48e'), ('XDG_MENU_PREFIX', 'gnome-'), ('GNOME_TERMINAL_SCREEN', '/org/gnome/Terminal/screen/f84547bc_853e_4015_ab2f_d52d05562527'), ('XDG_RUNTIME_DIR', '/run/user/1000'), ('DISPLAY', ':0'), ('LANG', 'en_US.UTF-8'), ('XDG_CURRENT_DESKTOP', 'ubuntu:GNOME'), ('XMODIFIERS', '@im=ibus'), ('XDG_SESSION_DESKTOP', 'ubuntu'), ('XAUTHORITY', '/run/user/1000/gdm/Xauthority'), ('LS_COLORS', 'rs=0:di=01;34:ln=01;36:mh=00:pi=40;33:so=01;35:do=01;35:bd=40;33;01:cd=40;33;01:or=40;31;01:mi=00:su=37;41:sg=30;43:ca=30;41:tw=30;42:ow=34;42:st=37;44:ex=01;32:*.tar=01;31:*.tgz=01;31:*.arc=01;31:*.arj=01;31:*.taz=01;31:*.lha=01;31:*.lz4=01;31:*.lzh=01;31:*.lzma=01;31:*.tlz=01;31:*.txz=01;31:*.tzo=01;31:*.t7z=01;31:*.zip=01;31:*.z=01;31:*.dz=01;31:*.gz=01;31:*.lrz=01;31:*.lz=01;31:*.lzo=01;31:*.xz=01;31:*.zst=01;31:*.tzst=01;31:*.bz2=01;31:*.bz=01;31:*.tbz=01;31:*.tbz2=01;31:*.tz=01;31:*.deb=01;31:*.rpm=01;31:*.jar=01;31:*.war=01;31:*.ear=01;31:*.sar=01;31:*.rar=01;31:*.alz=01;31:*.ace=01;31:*.zoo=01;31:*.cpio=01;31:*.7z=01;31:*.rz=01;31:*.cab=01;31:*.wim=01;31:*.swm=01;31:*.dwm=01;31:*.esd=01;31:*.jpg=01;35:*.jpeg=01;35:*.mjpg=01;35:*.mjpeg=01;35:*.gif=01;35:*.bmp=01;35:*.pbm=01;35:*.pgm=01;35:*.ppm=01;35:*.tga=01;35:*.xbm=01;35:*.xpm=01;35:*.tif=01;35:*.tiff=01;35:*.png=01;35:*.svg=01;35:*.svgz=01;35:*.mng=01;35:*.pcx=01;35:*.mov=01;35:*.mpg=01;35:*.mpeg=01;35:*.m2v=01;35:*.mkv=01;35:*.webm=01;35:*.ogm=01;35:*.mp4=01;35:*.m4v=01;35:*.mp4v=01;35:*.vob=01;35:*.qt=01;35:*.nuv=01;35:*.wmv=01;35:*.asf=01;35:*.rm=01;35:*.rmvb=01;35:*.flc=01;35:*.avi=01;35:*.fli=01;35:*.flv=01;35:*.gl=01;35:*.dl=01;35:*.xcf=01;35:*.xwd=01;35:*.yuv=01;35:*.cgm=01;35:*.emf=01;35:*.ogv=01;35:*.ogx=01;35:*.aac=00;36:*.au=00;36:*.flac=00;36:*.m4a=00;36:*.mid=00;36:*.midi=00;36:*.mka=00;36:*.mp3=00;36:*.mpc=00;36:*.ogg=00;36:*.ra=00;36:*.wav=00;36:*.oga=00;36:*.opus=00;36:*.spx=00;36:*.xspf=00;36:'), ('GNOME_TERMINAL_SERVICE', ':1.84'), ('SSH_AUTH_SOCK', '/run/user/1000/keyring/ssh'), ('AMENT_PREFIX_PATH', '/opt/ros/foxy'), ('CONDA_PYTHON_EXE', '/home/nvidia/anaconda3/bin/python'), ('SHELL', '/bin/bash'), ('QT_ACCESSIBILITY', '1'), ('GDMSESSION', 'ubuntu'), ('LESSCLOSE', '/usr/bin/lesspipe %s %s'), ('CONDA_DEFAULT_ENV', 'base'), ('GPG_AGENT_INFO', '/run/user/1000/gnupg/S.gpg-agent:0:1'), ('QT_IM_MODULE', 'ibus'), ('PWD', '/home/nvidia/robotics-orin/build/absenc_interface'), ('LC_ALL', 'en_US.UTF-8'), ('XDG_CONFIG_DIRS', '/etc/xdg/xdg-ubuntu:/etc/xdg'), ('CONDA_EXE', '/home/nvidia/anaconda3/bin/conda'), ('XDG_DATA_DIRS', '/usr/share/ubuntu:/usr/local/share/:/usr/share/:/var/lib/snapd/desktop'), ('PYTHONPATH', '/opt/ros/foxy/lib/python3.8/site-packages'), ('CONDA_PREFIX', '/home/nvidia/anaconda3'), ('COLCON', '1'), ('VTE_VERSION', '6003'), ('CMAKE_PREFIX_PATH', '/opt/ros/foxy')]), 'shell': False}
[0.556423] (absenc_interface) StdoutLine: {'line': b'-- Found ament_cmake: 0.9.12 (/opt/ros/foxy/share/ament_cmake/cmake)\n'}
[0.594756] (absenc_interface) StdoutLine: {'line': b'-- Found PythonInterp: /home/nvidia/anaconda3/bin/python3 (found suitable version "3.11.5", minimum required is "3") \n'}
[0.595132] (absenc_interface) StdoutLine: {'line': b'-- Using PYTHON_EXECUTABLE: /home/nvidia/anaconda3/bin/python3\n'}
[0.602654] (-) TimerEvent: {}
[0.703228] (-) TimerEvent: {}
[0.803875] (-) TimerEvent: {}
[0.904508] (-) TimerEvent: {}
[0.928632] (absenc_interface) StdoutLine: {'line': b'-- Override CMake install command with custom implementation using symlinks instead of copying resources\n'}
[0.939560] (absenc_interface) StdoutLine: {'line': b'-- Found rclcpp: 2.4.3 (/opt/ros/foxy/share/rclcpp/cmake)\n'}
[0.986648] (absenc_interface) StdoutLine: {'line': b'-- Using all available rosidl_typesupport_c: rosidl_typesupport_fastrtps_c;rosidl_typesupport_introspection_c\n'}
[0.991258] (absenc_interface) StdoutLine: {'line': b'-- Found rosidl_adapter: 1.3.1 (/opt/ros/foxy/share/rosidl_adapter/cmake)\n'}
[1.004607] (-) TimerEvent: {}
[1.105132] (-) TimerEvent: {}
[1.173830] (absenc_interface) StdoutLine: {'line': b'-- Using all available rosidl_typesupport_cpp: rosidl_typesupport_fastrtps_cpp;rosidl_typesupport_introspection_cpp\n'}
[1.205258] (-) TimerEvent: {}
[1.242056] (absenc_interface) StdoutLine: {'line': b'-- Found rmw_implementation_cmake: 1.0.4 (/opt/ros/foxy/share/rmw_implementation_cmake/cmake)\n'}
[1.244195] (absenc_interface) StdoutLine: {'line': b"-- Using RMW implementation 'rmw_fastrtps_cpp' as default\n"}
[1.305440] (-) TimerEvent: {}
[1.405904] (-) TimerEvent: {}
[1.437835] (absenc_interface) StdoutLine: {'line': b'-- Found sensor_msgs: 2.0.5 (/opt/ros/foxy/share/sensor_msgs/cmake)\n'}
[1.506017] (-) TimerEvent: {}
[1.590438] (absenc_interface) StdoutLine: {'line': b'-- Found rosidl_default_generators: 1.0.1 (/opt/ros/foxy/share/rosidl_default_generators/cmake)\n'}
[1.606139] (-) TimerEvent: {}
[1.641731] (absenc_interface) StdoutLine: {'line': b'-- Found PythonInterp: /home/nvidia/anaconda3/bin/python3 (found version "3.11.5") \n'}
[1.706248] (-) TimerEvent: {}
[1.735982] (absenc_interface) StderrLine: {'line': b'CMake Error at /opt/ros/foxy/share/rosidl_adapter/cmake/rosidl_adapt_interfaces.cmake:60 (message):\n'}
[1.736386] (absenc_interface) StderrLine: {'line': b'  execute_process(/home/nvidia/anaconda3/bin/python3 -m rosidl_adapter\n'}
[1.736595] (absenc_interface) StderrLine: {'line': b'  --package-name absenc_interface --arguments-file\n'}
[1.736779] (absenc_interface) StderrLine: {'line': b'  /home/nvidia/robotics-orin/build/absenc_interface/rosidl_adapter__arguments__absenc_interface.json\n'}
[1.736954] (absenc_interface) StderrLine: {'line': b'  --output-dir\n'}
[1.737121] (absenc_interface) StderrLine: {'line': b'  /home/nvidia/robotics-orin/build/absenc_interface/rosidl_adapter/absenc_interface\n'}
[1.737286] (absenc_interface) StderrLine: {'line': b'  --output-file\n'}
[1.737502] (absenc_interface) StderrLine: {'line': b'  /home/nvidia/robotics-orin/build/absenc_interface/rosidl_adapter/absenc_interface.idls)\n'}
[1.737672] (absenc_interface) StderrLine: {'line': b'  returned error code 1:\n'}
[1.737832] (absenc_interface) StderrLine: {'line': b'\n'}
[1.737987] (absenc_interface) StderrLine: {'line': b"  AttributeError processing template 'msg.idl.em'\n"}
[1.738140] (absenc_interface) StderrLine: {'line': b'\n'}
[1.738292] (absenc_interface) StderrLine: {'line': b'  Traceback (most recent call last):\n'}
[1.738443] (absenc_interface) StderrLine: {'line': b'\n'}
[1.738591] (absenc_interface) StderrLine: {'line': b'    File "/opt/ros/foxy/lib/python3.8/site-packages/rosidl_adapter/resource/__init__.py", line 51, in evaluate_template\n'}
[1.738744] (absenc_interface) StderrLine: {'line': b'      em.BUFFERED_OPT: True,\n'}
[1.738892] (absenc_interface) StderrLine: {'line': b'      ^^^^^^^^^^^^^^^\n'}
[1.739041] (absenc_interface) StderrLine: {'line': b'\n'}
[1.739188] (absenc_interface) StderrLine: {'line': b"  AttributeError: module 'em' has no attribute 'BUFFERED_OPT'\n"}
[1.739337] (absenc_interface) StderrLine: {'line': b'\n'}
[1.739484] (absenc_interface) StderrLine: {'line': b'  \n'}
[1.739631] (absenc_interface) StderrLine: {'line': b'\n'}
[1.739777] (absenc_interface) StderrLine: {'line': b'  During handling of the above exception, another exception occurred:\n'}
[1.739927] (absenc_interface) StderrLine: {'line': b'\n'}
[1.740078] (absenc_interface) StderrLine: {'line': b'  \n'}
[1.740416] (absenc_interface) StderrLine: {'line': b'\n'}
[1.740647] (absenc_interface) StderrLine: {'line': b'  Traceback (most recent call last):\n'}
[1.740865] (absenc_interface) StderrLine: {'line': b'\n'}
[1.741074] (absenc_interface) StderrLine: {'line': b'    File "<frozen runpy>", line 198, in _run_module_as_main\n'}
[1.741288] (absenc_interface) StderrLine: {'line': b'    File "<frozen runpy>", line 88, in _run_code\n'}
[1.741542] (absenc_interface) StderrLine: {'line': b'    File "/opt/ros/foxy/lib/python3.8/site-packages/rosidl_adapter/__main__.py", line 19, in <module>\n'}
[1.741765] (absenc_interface) StderrLine: {'line': b'      sys.exit(main())\n'}
[1.741979] (absenc_interface) StderrLine: {'line': b'               ^^^^^^\n'}
[1.742188] (absenc_interface) StderrLine: {'line': b'    File "/opt/ros/foxy/lib/python3.8/site-packages/rosidl_adapter/main.py", line 53, in main\n'}
[1.742398] (absenc_interface) StderrLine: {'line': b'      abs_idl_file = convert_to_idl(\n'}
[1.742607] (absenc_interface) StderrLine: {'line': b'                     ^^^^^^^^^^^^^^^\n'}
[1.742812] (absenc_interface) StderrLine: {'line': b'    File "/opt/ros/foxy/lib/python3.8/site-packages/rosidl_adapter/__init__.py", line 19, in convert_to_idl\n'}
[1.743018] (absenc_interface) StderrLine: {'line': b'      return convert_msg_to_idl(\n'}
[1.743221] (absenc_interface) StderrLine: {'line': b'             ^^^^^^^^^^^^^^^^^^^\n'}
[1.743424] (absenc_interface) StderrLine: {'line': b'    File "/opt/ros/foxy/lib/python3.8/site-packages/rosidl_adapter/msg/__init__.py", line 39, in convert_msg_to_idl\n'}
[1.743631] (absenc_interface) StderrLine: {'line': b"      expand_template('msg.idl.em', data, output_file, encoding='iso-8859-1')\n"}
[1.743838] (absenc_interface) StderrLine: {'line': b'    File "/opt/ros/foxy/lib/python3.8/site-packages/rosidl_adapter/resource/__init__.py", line 23, in expand_template\n'}
[1.744043] (absenc_interface) StderrLine: {'line': b'      content = evaluate_template(template_name, data)\n'}
[1.744252] (absenc_interface) StderrLine: {'line': b'                ^^^^^^^^^^^^^^^^^^^^^^^^^^^^^^^^^^^^^^\n'}
[1.744459] (absenc_interface) StderrLine: {'line': b'    File "/opt/ros/foxy/lib/python3.8/site-packages/rosidl_adapter/resource/__init__.py", line 69, in evaluate_template\n'}
[1.744667] (absenc_interface) StderrLine: {'line': b'      _interpreter.shutdown()\n'}
[1.744899] (absenc_interface) StderrLine: {'line': b'      ^^^^^^^^^^^^^^^^^^^^^\n'}
[1.745113] (absenc_interface) StderrLine: {'line': b'\n'}
[1.745365] (absenc_interface) StderrLine: {'line': b"  AttributeError: 'NoneType' object has no attribute 'shutdown'\n"}
[1.745602] (absenc_interface) StderrLine: {'line': b'\n'}
[1.745814] (absenc_interface) StderrLine: {'line': b'Call Stack (most recent call first):\n'}
[1.746021] (absenc_interface) StderrLine: {'line': b'  /opt/ros/foxy/share/rosidl_cmake/cmake/rosidl_generate_interfaces.cmake:130 (rosidl_adapt_interfaces)\n'}
[1.746227] (absenc_interface) StderrLine: {'line': b'  CMakeLists.txt:18 (rosidl_generate_interfaces)\n'}
[1.746432] (absenc_interface) StderrLine: {'line': b'\n'}
[1.746636] (absenc_interface) StderrLine: {'line': b'\n'}
[1.746843] (absenc_interface) StdoutLine: {'line': b'-- Configuring incomplete, errors occurred!\n'}
[1.747069] (absenc_interface) StdoutLine: {'line': b'See also "/home/nvidia/robotics-orin/build/absenc_interface/CMakeFiles/CMakeOutput.log".\n'}
[1.747289] (absenc_interface) StdoutLine: {'line': b'See also "/home/nvidia/robotics-orin/build/absenc_interface/CMakeFiles/CMakeError.log".\n'}
[1.756007] (absenc_interface) CommandEnded: {'returncode': 1}
[1.806479] (-) TimerEvent: {}
[1.907900] (-) TimerEvent: {}
[2.008656] (-) TimerEvent: {}
[2.109380] (-) TimerEvent: {}
[2.134339] (absenc_interface) JobEnded: {'identifier': 'absenc_interface', 'rc': 1}
[2.145112] (-) EventReactorShutdown: {}
