[2.005s] Invoking command in '/home/nvidia/robotics-orin/build/absenc_interface': CMAKE_PREFIX_PATH=/opt/ros/foxy CONDA_PROMPT_MODIFIER=(base) /usr/bin/cmake /home/nvidia/robotics-orin/src/absenc_interface -DAMENT_CMAKE_SYMLINK_INSTALL=1 -DCMAKE_INSTALL_PREFIX=/home/nvidia/robotics-orin/install/absenc_interface
[2.040s] -- Found ament_cmake: 0.9.12 (/opt/ros/foxy/share/ament_cmake/cmake)
[2.078s] -- Found PythonInterp: /home/nvidia/anaconda3/bin/python3 (found suitable version "3.11.5", minimum required is "3") 
[2.078s] -- Using PYTHON_EXECUTABLE: /home/nvidia/anaconda3/bin/python3
[2.423s] -- Override CMake install command with custom implementation using symlinks instead of copying resources
[2.434s] -- Found rclcpp: 2.4.3 (/opt/ros/foxy/share/rclcpp/cmake)
[2.482s] -- Using all available rosidl_typesupport_c: rosidl_typesupport_fastrtps_c;rosidl_typesupport_introspection_c
[2.487s] -- Found rosidl_adapter: 1.3.1 (/opt/ros/foxy/share/rosidl_adapter/cmake)
[2.676s] -- Using all available rosidl_typesupport_cpp: rosidl_typesupport_fastrtps_cpp;rosidl_typesupport_introspection_cpp
[2.745s] -- Found rmw_implementation_cmake: 1.0.4 (/opt/ros/foxy/share/rmw_implementation_cmake/cmake)
[2.748s] -- Using RMW implementation 'rmw_fastrtps_cpp' as default
[2.942s] -- Found sensor_msgs: 2.0.5 (/opt/ros/foxy/share/sensor_msgs/cmake)
[3.094s] -- Found rosidl_default_generators: 1.0.1 (/opt/ros/foxy/share/rosidl_default_generators/cmake)
[3.146s] -- Found PythonInterp: /home/nvidia/anaconda3/bin/python3 (found version "3.11.5") 
[3.253s] CMake Error at /opt/ros/foxy/share/rosidl_adapter/cmake/rosidl_adapt_interfaces.cmake:60 (message):
[3.253s]   execute_process(/home/nvidia/anaconda3/bin/python3 -m rosidl_adapter
[3.254s]   --package-name absenc_interface --arguments-file
[3.254s]   /home/nvidia/robotics-orin/build/absenc_interface/rosidl_adapter__arguments__absenc_interface.json
[3.255s]   --output-dir
[3.256s]   /home/nvidia/robotics-orin/build/absenc_interface/rosidl_adapter/absenc_interface
[3.256s]   --output-file
[3.257s]   /home/nvidia/robotics-orin/build/absenc_interface/rosidl_adapter/absenc_interface.idls)
[3.257s]   returned error code 1:
[3.258s] 
[3.259s]   AttributeError processing template 'msg.idl.em'
[3.260s] 
[3.261s]   Traceback (most recent call last):
[3.261s] 
[3.261s]     File "/opt/ros/foxy/lib/python3.8/site-packages/rosidl_adapter/resource/__init__.py", line 51, in evaluate_template
[3.262s]       em.BUFFERED_OPT: True,
[3.262s]       ^^^^^^^^^^^^^^^
[3.263s] 
[3.263s]   AttributeError: module 'em' has no attribute 'BUFFERED_OPT'
[3.264s] 
[3.265s]   
[3.265s] 
[3.268s]   During handling of the above exception, another exception occurred:
[3.268s] 
[3.268s]   
[3.270s] 
[3.270s]   Traceback (most recent call last):
[3.271s] 
[3.271s]     File "<frozen runpy>", line 198, in _run_module_as_main
[3.272s]     File "<frozen runpy>", line 88, in _run_code
[3.272s]     File "/opt/ros/foxy/lib/python3.8/site-packages/rosidl_adapter/__main__.py", line 19, in <module>
[3.272s]       sys.exit(main())
[3.273s]                ^^^^^^
[3.273s]     File "/opt/ros/foxy/lib/python3.8/site-packages/rosidl_adapter/main.py", line 53, in main
[3.274s]       abs_idl_file = convert_to_idl(
[3.274s]                      ^^^^^^^^^^^^^^^
[3.275s]     File "/opt/ros/foxy/lib/python3.8/site-packages/rosidl_adapter/__init__.py", line 19, in convert_to_idl
[3.275s]       return convert_msg_to_idl(
[3.276s]              ^^^^^^^^^^^^^^^^^^^
[3.276s]     File "/opt/ros/foxy/lib/python3.8/site-packages/rosidl_adapter/msg/__init__.py", line 39, in convert_msg_to_idl
[3.276s]       expand_template('msg.idl.em', data, output_file, encoding='iso-8859-1')
[3.277s]     File "/opt/ros/foxy/lib/python3.8/site-packages/rosidl_adapter/resource/__init__.py", line 23, in expand_template
[3.277s]       content = evaluate_template(template_name, data)
[3.278s]                 ^^^^^^^^^^^^^^^^^^^^^^^^^^^^^^^^^^^^^^
[3.279s]     File "/opt/ros/foxy/lib/python3.8/site-packages/rosidl_adapter/resource/__init__.py", line 69, in evaluate_template
[3.279s]       _interpreter.shutdown()
[3.280s]       ^^^^^^^^^^^^^^^^^^^^^
[3.280s] 
[3.280s]   AttributeError: 'NoneType' object has no attribute 'shutdown'
[3.281s] 
[3.281s] Call Stack (most recent call first):
[3.282s]   /opt/ros/foxy/share/rosidl_cmake/cmake/rosidl_generate_interfaces.cmake:130 (rosidl_adapt_interfaces)
[3.282s]   CMakeLists.txt:18 (rosidl_generate_interfaces)
[3.282s] 
[3.283s] 
[3.283s] -- Configuring incomplete, errors occurred!
[3.284s] See also "/home/nvidia/robotics-orin/build/absenc_interface/CMakeFiles/CMakeOutput.log".
[3.284s] See also "/home/nvidia/robotics-orin/build/absenc_interface/CMakeFiles/CMakeError.log".
[3.333s] Invoked command in '/home/nvidia/robotics-orin/build/absenc_interface' returned '1': CMAKE_PREFIX_PATH=/opt/ros/foxy CONDA_PROMPT_MODIFIER=(base) /usr/bin/cmake /home/nvidia/robotics-orin/src/absenc_interface -DAMENT_CMAKE_SYMLINK_INSTALL=1 -DCMAKE_INSTALL_PREFIX=/home/nvidia/robotics-orin/install/absenc_interface
