[0.000000] (-) TimerEvent: {}
[0.000618] (absenc_interface) JobQueued: {'identifier': 'absenc_interface', 'dependencies': OrderedDict()}
[0.000794] (arm_controller) JobQueued: {'identifier': 'arm_controller', 'dependencies': OrderedDict()}
[0.001191] (sil) JobQueued: {'identifier': 'sil', 'dependencies': OrderedDict()}
[0.001449] (wheels_controller) JobQueued: {'identifier': 'wheels_controller', 'dependencies': OrderedDict()}
[0.001577] (absenc_interface) JobStarted: {'identifier': 'absenc_interface'}
[0.099479] (-) TimerEvent: {}
[0.200260] (-) TimerEvent: {}
[0.300883] (-) TimerEvent: {}
[0.401746] (-) TimerEvent: {}
[0.503095] (-) TimerEvent: {}
[0.514938] (arm_controller) JobStarted: {'identifier': 'arm_controller'}
[0.603352] (-) TimerEvent: {}
[0.703966] (-) TimerEvent: {}
[0.804861] (-) TimerEvent: {}
[0.905717] (-) TimerEvent: {}
[1.003314] (sil) JobStarted: {'identifier': 'sil'}
[1.007558] (-) TimerEvent: {}
[1.107991] (-) TimerEvent: {}
[1.208674] (-) TimerEvent: {}
[1.309122] (-) TimerEvent: {}
[1.409811] (-) TimerEvent: {}
[1.501854] (wheels_controller) JobStarted: {'identifier': 'wheels_controller'}
[1.509899] (-) TimerEvent: {}
[1.610547] (-) TimerEvent: {}
[1.711561] (-) TimerEvent: {}
[1.812333] (-) TimerEvent: {}
[1.913985] (-) TimerEvent: {}
[2.004296] (absenc_interface) JobProgress: {'identifier': 'absenc_interface', 'progress': 'cmake'}
[2.005434] (absenc_interface) Command: {'cmd': ['/usr/bin/cmake', '/home/nvidia/robotics-orin/src/absenc_interface', '-DAMENT_CMAKE_SYMLINK_INSTALL=1', '-DCMAKE_INSTALL_PREFIX=/home/nvidia/robotics-orin/install/absenc_interface'], 'cwd': '/home/nvidia/robotics-orin/build/absenc_interface', 'env': OrderedDict([('LESSOPEN', '| /usr/bin/lesspipe %s'), ('CONDA_PROMPT_MODIFIER', '(base)'), ('LANGUAGE', 'en_CA:en'), ('USER', 'nvidia'), ('SSH_AGENT_PID', '2934'), ('XDG_SESSION_TYPE', 'x11'), ('SHLVL', '1'), ('LD_LIBRARY_PATH', '/opt/ros/foxy/opt/yaml_cpp_vendor/lib:/opt/ros/foxy/opt/rviz_ogre_vendor/lib:/opt/ros/foxy/lib/aarch64-linux-gnu:/opt/ros/foxy/lib:/usr/local/cuda-11.4/lib64:'), ('HOME', '/home/nvidia'), ('CONDA_SHLVL', '1'), ('OLDPWD', '/home/nvidia'), ('DESKTOP_SESSION', 'ubuntu'), ('ROS_PYTHON_VERSION', '3'), ('GNOME_SHELL_SESSION_MODE', 'ubuntu'), ('GTK_MODULES', 'gail:atk-bridge'), ('MANAGERPID', '1909'), ('DBUS_SESSION_BUS_ADDRESS', 'unix:path=/run/user/1000/bus'), ('COLORTERM', 'truecolor'), ('_CE_M', ''), ('IM_CONFIG_PHASE', '1'), ('ROS_DISTRO', 'foxy'), ('LOGNAME', 'nvidia'), ('JOURNAL_STREAM', '8:59929'), ('_', '/usr/bin/colcon'), ('ROS_VERSION', '2'), ('XDG_SESSION_CLASS', 'user'), ('USERNAME', 'nvidia'), ('TERM', 'xterm-256color'), ('GNOME_DESKTOP_SESSION_ID', 'this-is-deprecated'), ('_CE_CONDA', ''), ('ROS_LOCALHOST_ONLY', '0'), ('WINDOWPATH', '2'), ('PATH', '/opt/ros/foxy/bin:/home/nvidia/anaconda3/bin:/home/nvidia/anaconda3/condabin:/usr/local/cuda-11.4/bin:/home/nvidia/.local/bin:/usr/local/sbin:/usr/local/bin:/usr/sbin:/usr/bin:/sbin:/bin:/usr/games:/usr/local/games:/snap/bin'), ('SESSION_MANAGER', 'local/nvidia:@/tmp/.ICE-unix/2971,unix/nvidia:/tmp/.ICE-unix/2971'), ('INVOCATION_ID', 'b0329f79702e4d72833628c80150e48e'), ('XDG_MENU_PREFIX', 'gnome-'), ('GNOME_TERMINAL_SCREEN', '/org/gnome/Terminal/screen/f84547bc_853e_4015_ab2f_d52d05562527'), ('XDG_RUNTIME_DIR', '/run/user/1000'), ('DISPLAY', ':0'), ('LANG', 'en_US.UTF-8'), ('XDG_CURRENT_DESKTOP', 'ubuntu:GNOME'), ('XMODIFIERS', '@im=ibus'), ('XDG_SESSION_DESKTOP', 'ubuntu'), ('XAUTHORITY', '/run/user/1000/gdm/Xauthority'), ('LS_COLORS', 'rs=0:di=01;34:ln=01;36:mh=00:pi=40;33:so=01;35:do=01;35:bd=40;33;01:cd=40;33;01:or=40;31;01:mi=00:su=37;41:sg=30;43:ca=30;41:tw=30;42:ow=34;42:st=37;44:ex=01;32:*.tar=01;31:*.tgz=01;31:*.arc=01;31:*.arj=01;31:*.taz=01;31:*.lha=01;31:*.lz4=01;31:*.lzh=01;31:*.lzma=01;31:*.tlz=01;31:*.txz=01;31:*.tzo=01;31:*.t7z=01;31:*.zip=01;31:*.z=01;31:*.dz=01;31:*.gz=01;31:*.lrz=01;31:*.lz=01;31:*.lzo=01;31:*.xz=01;31:*.zst=01;31:*.tzst=01;31:*.bz2=01;31:*.bz=01;31:*.tbz=01;31:*.tbz2=01;31:*.tz=01;31:*.deb=01;31:*.rpm=01;31:*.jar=01;31:*.war=01;31:*.ear=01;31:*.sar=01;31:*.rar=01;31:*.alz=01;31:*.ace=01;31:*.zoo=01;31:*.cpio=01;31:*.7z=01;31:*.rz=01;31:*.cab=01;31:*.wim=01;31:*.swm=01;31:*.dwm=01;31:*.esd=01;31:*.jpg=01;35:*.jpeg=01;35:*.mjpg=01;35:*.mjpeg=01;35:*.gif=01;35:*.bmp=01;35:*.pbm=01;35:*.pgm=01;35:*.ppm=01;35:*.tga=01;35:*.xbm=01;35:*.xpm=01;35:*.tif=01;35:*.tiff=01;35:*.png=01;35:*.svg=01;35:*.svgz=01;35:*.mng=01;35:*.pcx=01;35:*.mov=01;35:*.mpg=01;35:*.mpeg=01;35:*.m2v=01;35:*.mkv=01;35:*.webm=01;35:*.ogm=01;35:*.mp4=01;35:*.m4v=01;35:*.mp4v=01;35:*.vob=01;35:*.qt=01;35:*.nuv=01;35:*.wmv=01;35:*.asf=01;35:*.rm=01;35:*.rmvb=01;35:*.flc=01;35:*.avi=01;35:*.fli=01;35:*.flv=01;35:*.gl=01;35:*.dl=01;35:*.xcf=01;35:*.xwd=01;35:*.yuv=01;35:*.cgm=01;35:*.emf=01;35:*.ogv=01;35:*.ogx=01;35:*.aac=00;36:*.au=00;36:*.flac=00;36:*.m4a=00;36:*.mid=00;36:*.midi=00;36:*.mka=00;36:*.mp3=00;36:*.mpc=00;36:*.ogg=00;36:*.ra=00;36:*.wav=00;36:*.oga=00;36:*.opus=00;36:*.spx=00;36:*.xspf=00;36:'), ('GNOME_TERMINAL_SERVICE', ':1.84'), ('SSH_AUTH_SOCK', '/run/user/1000/keyring/ssh'), ('AMENT_PREFIX_PATH', '/opt/ros/foxy'), ('CONDA_PYTHON_EXE', '/home/nvidia/anaconda3/bin/python'), ('SHELL', '/bin/bash'), ('QT_ACCESSIBILITY', '1'), ('GDMSESSION', 'ubuntu'), ('LESSCLOSE', '/usr/bin/lesspipe %s %s'), ('CONDA_DEFAULT_ENV', 'base'), ('GPG_AGENT_INFO', '/run/user/1000/gnupg/S.gpg-agent:0:1'), ('QT_IM_MODULE', 'ibus'), ('PWD', '/home/nvidia/robotics-orin/build/absenc_interface'), ('LC_ALL', 'en_US.UTF-8'), ('XDG_CONFIG_DIRS', '/etc/xdg/xdg-ubuntu:/etc/xdg'), ('CONDA_EXE', '/home/nvidia/anaconda3/bin/conda'), ('XDG_DATA_DIRS', '/usr/share/ubuntu:/usr/local/share/:/usr/share/:/var/lib/snapd/desktop'), ('PYTHONPATH', '/opt/ros/foxy/lib/python3.8/site-packages'), ('CONDA_PREFIX', '/home/nvidia/anaconda3'), ('COLCON', '1'), ('VTE_VERSION', '6003'), ('CMAKE_PREFIX_PATH', '/opt/ros/foxy')]), 'shell': False}
[2.014196] (arm_controller) JobProgress: {'identifier': 'arm_controller', 'progress': 'cmake'}
[2.014383] (-) TimerEvent: {}
[2.015551] (arm_controller) Command: {'cmd': ['/usr/bin/cmake', '/home/nvidia/robotics-orin/src/arm_controller', '-DAMENT_CMAKE_SYMLINK_INSTALL=1', '-DCMAKE_INSTALL_PREFIX=/home/nvidia/robotics-orin/install/arm_controller'], 'cwd': '/home/nvidia/robotics-orin/build/arm_controller', 'env': OrderedDict([('LESSOPEN', '| /usr/bin/lesspipe %s'), ('CONDA_PROMPT_MODIFIER', '(base)'), ('LANGUAGE', 'en_CA:en'), ('USER', 'nvidia'), ('SSH_AGENT_PID', '2934'), ('XDG_SESSION_TYPE', 'x11'), ('SHLVL', '1'), ('LD_LIBRARY_PATH', '/opt/ros/foxy/opt/yaml_cpp_vendor/lib:/opt/ros/foxy/opt/rviz_ogre_vendor/lib:/opt/ros/foxy/lib/aarch64-linux-gnu:/opt/ros/foxy/lib:/usr/local/cuda-11.4/lib64:'), ('HOME', '/home/nvidia'), ('CONDA_SHLVL', '1'), ('OLDPWD', '/home/nvidia'), ('DESKTOP_SESSION', 'ubuntu'), ('ROS_PYTHON_VERSION', '3'), ('GNOME_SHELL_SESSION_MODE', 'ubuntu'), ('GTK_MODULES', 'gail:atk-bridge'), ('MANAGERPID', '1909'), ('DBUS_SESSION_BUS_ADDRESS', 'unix:path=/run/user/1000/bus'), ('COLORTERM', 'truecolor'), ('_CE_M', ''), ('IM_CONFIG_PHASE', '1'), ('ROS_DISTRO', 'foxy'), ('LOGNAME', 'nvidia'), ('JOURNAL_STREAM', '8:59929'), ('_', '/usr/bin/colcon'), ('ROS_VERSION', '2'), ('XDG_SESSION_CLASS', 'user'), ('USERNAME', 'nvidia'), ('TERM', 'xterm-256color'), ('GNOME_DESKTOP_SESSION_ID', 'this-is-deprecated'), ('_CE_CONDA', ''), ('ROS_LOCALHOST_ONLY', '0'), ('WINDOWPATH', '2'), ('PATH', '/opt/ros/foxy/bin:/home/nvidia/anaconda3/bin:/home/nvidia/anaconda3/condabin:/usr/local/cuda-11.4/bin:/home/nvidia/.local/bin:/usr/local/sbin:/usr/local/bin:/usr/sbin:/usr/bin:/sbin:/bin:/usr/games:/usr/local/games:/snap/bin'), ('SESSION_MANAGER', 'local/nvidia:@/tmp/.ICE-unix/2971,unix/nvidia:/tmp/.ICE-unix/2971'), ('INVOCATION_ID', 'b0329f79702e4d72833628c80150e48e'), ('XDG_MENU_PREFIX', 'gnome-'), ('GNOME_TERMINAL_SCREEN', '/org/gnome/Terminal/screen/f84547bc_853e_4015_ab2f_d52d05562527'), ('XDG_RUNTIME_DIR', '/run/user/1000'), ('DISPLAY', ':0'), ('LANG', 'en_US.UTF-8'), ('XDG_CURRENT_DESKTOP', 'ubuntu:GNOME'), ('XMODIFIERS', '@im=ibus'), ('XDG_SESSION_DESKTOP', 'ubuntu'), ('XAUTHORITY', '/run/user/1000/gdm/Xauthority'), ('LS_COLORS', 'rs=0:di=01;34:ln=01;36:mh=00:pi=40;33:so=01;35:do=01;35:bd=40;33;01:cd=40;33;01:or=40;31;01:mi=00:su=37;41:sg=30;43:ca=30;41:tw=30;42:ow=34;42:st=37;44:ex=01;32:*.tar=01;31:*.tgz=01;31:*.arc=01;31:*.arj=01;31:*.taz=01;31:*.lha=01;31:*.lz4=01;31:*.lzh=01;31:*.lzma=01;31:*.tlz=01;31:*.txz=01;31:*.tzo=01;31:*.t7z=01;31:*.zip=01;31:*.z=01;31:*.dz=01;31:*.gz=01;31:*.lrz=01;31:*.lz=01;31:*.lzo=01;31:*.xz=01;31:*.zst=01;31:*.tzst=01;31:*.bz2=01;31:*.bz=01;31:*.tbz=01;31:*.tbz2=01;31:*.tz=01;31:*.deb=01;31:*.rpm=01;31:*.jar=01;31:*.war=01;31:*.ear=01;31:*.sar=01;31:*.rar=01;31:*.alz=01;31:*.ace=01;31:*.zoo=01;31:*.cpio=01;31:*.7z=01;31:*.rz=01;31:*.cab=01;31:*.wim=01;31:*.swm=01;31:*.dwm=01;31:*.esd=01;31:*.jpg=01;35:*.jpeg=01;35:*.mjpg=01;35:*.mjpeg=01;35:*.gif=01;35:*.bmp=01;35:*.pbm=01;35:*.pgm=01;35:*.ppm=01;35:*.tga=01;35:*.xbm=01;35:*.xpm=01;35:*.tif=01;35:*.tiff=01;35:*.png=01;35:*.svg=01;35:*.svgz=01;35:*.mng=01;35:*.pcx=01;35:*.mov=01;35:*.mpg=01;35:*.mpeg=01;35:*.m2v=01;35:*.mkv=01;35:*.webm=01;35:*.ogm=01;35:*.mp4=01;35:*.m4v=01;35:*.mp4v=01;35:*.vob=01;35:*.qt=01;35:*.nuv=01;35:*.wmv=01;35:*.asf=01;35:*.rm=01;35:*.rmvb=01;35:*.flc=01;35:*.avi=01;35:*.fli=01;35:*.flv=01;35:*.gl=01;35:*.dl=01;35:*.xcf=01;35:*.xwd=01;35:*.yuv=01;35:*.cgm=01;35:*.emf=01;35:*.ogv=01;35:*.ogx=01;35:*.aac=00;36:*.au=00;36:*.flac=00;36:*.m4a=00;36:*.mid=00;36:*.midi=00;36:*.mka=00;36:*.mp3=00;36:*.mpc=00;36:*.ogg=00;36:*.ra=00;36:*.wav=00;36:*.oga=00;36:*.opus=00;36:*.spx=00;36:*.xspf=00;36:'), ('GNOME_TERMINAL_SERVICE', ':1.84'), ('SSH_AUTH_SOCK', '/run/user/1000/keyring/ssh'), ('AMENT_PREFIX_PATH', '/opt/ros/foxy'), ('CONDA_PYTHON_EXE', '/home/nvidia/anaconda3/bin/python'), ('SHELL', '/bin/bash'), ('QT_ACCESSIBILITY', '1'), ('GDMSESSION', 'ubuntu'), ('LESSCLOSE', '/usr/bin/lesspipe %s %s'), ('CONDA_DEFAULT_ENV', 'base'), ('GPG_AGENT_INFO', '/run/user/1000/gnupg/S.gpg-agent:0:1'), ('QT_IM_MODULE', 'ibus'), ('PWD', '/home/nvidia/robotics-orin/build/arm_controller'), ('LC_ALL', 'en_US.UTF-8'), ('XDG_CONFIG_DIRS', '/etc/xdg/xdg-ubuntu:/etc/xdg'), ('CONDA_EXE', '/home/nvidia/anaconda3/bin/conda'), ('XDG_DATA_DIRS', '/usr/share/ubuntu:/usr/local/share/:/usr/share/:/var/lib/snapd/desktop'), ('PYTHONPATH', '/opt/ros/foxy/lib/python3.8/site-packages'), ('CONDA_PREFIX', '/home/nvidia/anaconda3'), ('COLCON', '1'), ('VTE_VERSION', '6003'), ('CMAKE_PREFIX_PATH', '/opt/ros/foxy')]), 'shell': False}
[2.021463] (sil) JobProgress: {'identifier': 'sil', 'progress': 'cmake'}
[2.022763] (sil) JobProgress: {'identifier': 'sil', 'progress': 'build'}
[2.024035] (sil) Command: {'cmd': ['/usr/bin/cmake', '--build', '/home/nvidia/robotics-orin/build/sil', '--', '-j6', '-l6'], 'cwd': '/home/nvidia/robotics-orin/build/sil', 'env': OrderedDict([('LESSOPEN', '| /usr/bin/lesspipe %s'), ('CONDA_PROMPT_MODIFIER', '(base)'), ('LANGUAGE', 'en_CA:en'), ('USER', 'nvidia'), ('SSH_AGENT_PID', '2934'), ('XDG_SESSION_TYPE', 'x11'), ('SHLVL', '1'), ('LD_LIBRARY_PATH', '/opt/ros/foxy/opt/yaml_cpp_vendor/lib:/opt/ros/foxy/opt/rviz_ogre_vendor/lib:/opt/ros/foxy/lib/aarch64-linux-gnu:/opt/ros/foxy/lib:/usr/local/cuda-11.4/lib64:'), ('HOME', '/home/nvidia'), ('CONDA_SHLVL', '1'), ('OLDPWD', '/home/nvidia'), ('DESKTOP_SESSION', 'ubuntu'), ('ROS_PYTHON_VERSION', '3'), ('GNOME_SHELL_SESSION_MODE', 'ubuntu'), ('GTK_MODULES', 'gail:atk-bridge'), ('MANAGERPID', '1909'), ('DBUS_SESSION_BUS_ADDRESS', 'unix:path=/run/user/1000/bus'), ('COLORTERM', 'truecolor'), ('_CE_M', ''), ('IM_CONFIG_PHASE', '1'), ('ROS_DISTRO', 'foxy'), ('LOGNAME', 'nvidia'), ('JOURNAL_STREAM', '8:59929'), ('_', '/usr/bin/colcon'), ('ROS_VERSION', '2'), ('XDG_SESSION_CLASS', 'user'), ('USERNAME', 'nvidia'), ('TERM', 'xterm-256color'), ('GNOME_DESKTOP_SESSION_ID', 'this-is-deprecated'), ('_CE_CONDA', ''), ('ROS_LOCALHOST_ONLY', '0'), ('WINDOWPATH', '2'), ('PATH', '/opt/ros/foxy/bin:/home/nvidia/anaconda3/bin:/home/nvidia/anaconda3/condabin:/usr/local/cuda-11.4/bin:/home/nvidia/.local/bin:/usr/local/sbin:/usr/local/bin:/usr/sbin:/usr/bin:/sbin:/bin:/usr/games:/usr/local/games:/snap/bin'), ('SESSION_MANAGER', 'local/nvidia:@/tmp/.ICE-unix/2971,unix/nvidia:/tmp/.ICE-unix/2971'), ('INVOCATION_ID', 'b0329f79702e4d72833628c80150e48e'), ('XDG_MENU_PREFIX', 'gnome-'), ('GNOME_TERMINAL_SCREEN', '/org/gnome/Terminal/screen/f84547bc_853e_4015_ab2f_d52d05562527'), ('XDG_RUNTIME_DIR', '/run/user/1000'), ('DISPLAY', ':0'), ('LANG', 'en_US.UTF-8'), ('XDG_CURRENT_DESKTOP', 'ubuntu:GNOME'), ('XMODIFIERS', '@im=ibus'), ('XDG_SESSION_DESKTOP', 'ubuntu'), ('XAUTHORITY', '/run/user/1000/gdm/Xauthority'), ('LS_COLORS', 'rs=0:di=01;34:ln=01;36:mh=00:pi=40;33:so=01;35:do=01;35:bd=40;33;01:cd=40;33;01:or=40;31;01:mi=00:su=37;41:sg=30;43:ca=30;41:tw=30;42:ow=34;42:st=37;44:ex=01;32:*.tar=01;31:*.tgz=01;31:*.arc=01;31:*.arj=01;31:*.taz=01;31:*.lha=01;31:*.lz4=01;31:*.lzh=01;31:*.lzma=01;31:*.tlz=01;31:*.txz=01;31:*.tzo=01;31:*.t7z=01;31:*.zip=01;31:*.z=01;31:*.dz=01;31:*.gz=01;31:*.lrz=01;31:*.lz=01;31:*.lzo=01;31:*.xz=01;31:*.zst=01;31:*.tzst=01;31:*.bz2=01;31:*.bz=01;31:*.tbz=01;31:*.tbz2=01;31:*.tz=01;31:*.deb=01;31:*.rpm=01;31:*.jar=01;31:*.war=01;31:*.ear=01;31:*.sar=01;31:*.rar=01;31:*.alz=01;31:*.ace=01;31:*.zoo=01;31:*.cpio=01;31:*.7z=01;31:*.rz=01;31:*.cab=01;31:*.wim=01;31:*.swm=01;31:*.dwm=01;31:*.esd=01;31:*.jpg=01;35:*.jpeg=01;35:*.mjpg=01;35:*.mjpeg=01;35:*.gif=01;35:*.bmp=01;35:*.pbm=01;35:*.pgm=01;35:*.ppm=01;35:*.tga=01;35:*.xbm=01;35:*.xpm=01;35:*.tif=01;35:*.tiff=01;35:*.png=01;35:*.svg=01;35:*.svgz=01;35:*.mng=01;35:*.pcx=01;35:*.mov=01;35:*.mpg=01;35:*.mpeg=01;35:*.m2v=01;35:*.mkv=01;35:*.webm=01;35:*.ogm=01;35:*.mp4=01;35:*.m4v=01;35:*.mp4v=01;35:*.vob=01;35:*.qt=01;35:*.nuv=01;35:*.wmv=01;35:*.asf=01;35:*.rm=01;35:*.rmvb=01;35:*.flc=01;35:*.avi=01;35:*.fli=01;35:*.flv=01;35:*.gl=01;35:*.dl=01;35:*.xcf=01;35:*.xwd=01;35:*.yuv=01;35:*.cgm=01;35:*.emf=01;35:*.ogv=01;35:*.ogx=01;35:*.aac=00;36:*.au=00;36:*.flac=00;36:*.m4a=00;36:*.mid=00;36:*.midi=00;36:*.mka=00;36:*.mp3=00;36:*.mpc=00;36:*.ogg=00;36:*.ra=00;36:*.wav=00;36:*.oga=00;36:*.opus=00;36:*.spx=00;36:*.xspf=00;36:'), ('GNOME_TERMINAL_SERVICE', ':1.84'), ('SSH_AUTH_SOCK', '/run/user/1000/keyring/ssh'), ('AMENT_PREFIX_PATH', '/opt/ros/foxy'), ('CONDA_PYTHON_EXE', '/home/nvidia/anaconda3/bin/python'), ('SHELL', '/bin/bash'), ('QT_ACCESSIBILITY', '1'), ('GDMSESSION', 'ubuntu'), ('LESSCLOSE', '/usr/bin/lesspipe %s %s'), ('CONDA_DEFAULT_ENV', 'base'), ('GPG_AGENT_INFO', '/run/user/1000/gnupg/S.gpg-agent:0:1'), ('QT_IM_MODULE', 'ibus'), ('PWD', '/home/nvidia/robotics-orin/build/sil'), ('LC_ALL', 'en_US.UTF-8'), ('XDG_CONFIG_DIRS', '/etc/xdg/xdg-ubuntu:/etc/xdg'), ('CONDA_EXE', '/home/nvidia/anaconda3/bin/conda'), ('XDG_DATA_DIRS', '/usr/share/ubuntu:/usr/local/share/:/usr/share/:/var/lib/snapd/desktop'), ('PYTHONPATH', '/opt/ros/foxy/lib/python3.8/site-packages'), ('CONDA_PREFIX', '/home/nvidia/anaconda3'), ('COLCON', '1'), ('VTE_VERSION', '6003'), ('CMAKE_PREFIX_PATH', '/opt/ros/foxy')]), 'shell': False}
[2.031523] (wheels_controller) JobProgress: {'identifier': 'wheels_controller', 'progress': 'cmake'}
[2.032801] (wheels_controller) JobProgress: {'identifier': 'wheels_controller', 'progress': 'build'}
[2.033215] (wheels_controller) Command: {'cmd': ['/usr/bin/cmake', '--build', '/home/nvidia/robotics-orin/build/wheels_controller', '--', '-j6', '-l6'], 'cwd': '/home/nvidia/robotics-orin/build/wheels_controller', 'env': OrderedDict([('LESSOPEN', '| /usr/bin/lesspipe %s'), ('CONDA_PROMPT_MODIFIER', '(base)'), ('LANGUAGE', 'en_CA:en'), ('USER', 'nvidia'), ('SSH_AGENT_PID', '2934'), ('XDG_SESSION_TYPE', 'x11'), ('SHLVL', '1'), ('LD_LIBRARY_PATH', '/opt/ros/foxy/opt/yaml_cpp_vendor/lib:/opt/ros/foxy/opt/rviz_ogre_vendor/lib:/opt/ros/foxy/lib/aarch64-linux-gnu:/opt/ros/foxy/lib:/usr/local/cuda-11.4/lib64:'), ('HOME', '/home/nvidia'), ('CONDA_SHLVL', '1'), ('OLDPWD', '/home/nvidia'), ('DESKTOP_SESSION', 'ubuntu'), ('ROS_PYTHON_VERSION', '3'), ('GNOME_SHELL_SESSION_MODE', 'ubuntu'), ('GTK_MODULES', 'gail:atk-bridge'), ('MANAGERPID', '1909'), ('DBUS_SESSION_BUS_ADDRESS', 'unix:path=/run/user/1000/bus'), ('COLORTERM', 'truecolor'), ('_CE_M', ''), ('IM_CONFIG_PHASE', '1'), ('ROS_DISTRO', 'foxy'), ('LOGNAME', 'nvidia'), ('JOURNAL_STREAM', '8:59929'), ('_', '/usr/bin/colcon'), ('ROS_VERSION', '2'), ('XDG_SESSION_CLASS', 'user'), ('USERNAME', 'nvidia'), ('TERM', 'xterm-256color'), ('GNOME_DESKTOP_SESSION_ID', 'this-is-deprecated'), ('_CE_CONDA', ''), ('ROS_LOCALHOST_ONLY', '0'), ('WINDOWPATH', '2'), ('PATH', '/opt/ros/foxy/bin:/home/nvidia/anaconda3/bin:/home/nvidia/anaconda3/condabin:/usr/local/cuda-11.4/bin:/home/nvidia/.local/bin:/usr/local/sbin:/usr/local/bin:/usr/sbin:/usr/bin:/sbin:/bin:/usr/games:/usr/local/games:/snap/bin'), ('SESSION_MANAGER', 'local/nvidia:@/tmp/.ICE-unix/2971,unix/nvidia:/tmp/.ICE-unix/2971'), ('INVOCATION_ID', 'b0329f79702e4d72833628c80150e48e'), ('XDG_MENU_PREFIX', 'gnome-'), ('GNOME_TERMINAL_SCREEN', '/org/gnome/Terminal/screen/f84547bc_853e_4015_ab2f_d52d05562527'), ('XDG_RUNTIME_DIR', '/run/user/1000'), ('DISPLAY', ':0'), ('LANG', 'en_US.UTF-8'), ('XDG_CURRENT_DESKTOP', 'ubuntu:GNOME'), ('XMODIFIERS', '@im=ibus'), ('XDG_SESSION_DESKTOP', 'ubuntu'), ('XAUTHORITY', '/run/user/1000/gdm/Xauthority'), ('LS_COLORS', 'rs=0:di=01;34:ln=01;36:mh=00:pi=40;33:so=01;35:do=01;35:bd=40;33;01:cd=40;33;01:or=40;31;01:mi=00:su=37;41:sg=30;43:ca=30;41:tw=30;42:ow=34;42:st=37;44:ex=01;32:*.tar=01;31:*.tgz=01;31:*.arc=01;31:*.arj=01;31:*.taz=01;31:*.lha=01;31:*.lz4=01;31:*.lzh=01;31:*.lzma=01;31:*.tlz=01;31:*.txz=01;31:*.tzo=01;31:*.t7z=01;31:*.zip=01;31:*.z=01;31:*.dz=01;31:*.gz=01;31:*.lrz=01;31:*.lz=01;31:*.lzo=01;31:*.xz=01;31:*.zst=01;31:*.tzst=01;31:*.bz2=01;31:*.bz=01;31:*.tbz=01;31:*.tbz2=01;31:*.tz=01;31:*.deb=01;31:*.rpm=01;31:*.jar=01;31:*.war=01;31:*.ear=01;31:*.sar=01;31:*.rar=01;31:*.alz=01;31:*.ace=01;31:*.zoo=01;31:*.cpio=01;31:*.7z=01;31:*.rz=01;31:*.cab=01;31:*.wim=01;31:*.swm=01;31:*.dwm=01;31:*.esd=01;31:*.jpg=01;35:*.jpeg=01;35:*.mjpg=01;35:*.mjpeg=01;35:*.gif=01;35:*.bmp=01;35:*.pbm=01;35:*.pgm=01;35:*.ppm=01;35:*.tga=01;35:*.xbm=01;35:*.xpm=01;35:*.tif=01;35:*.tiff=01;35:*.png=01;35:*.svg=01;35:*.svgz=01;35:*.mng=01;35:*.pcx=01;35:*.mov=01;35:*.mpg=01;35:*.mpeg=01;35:*.m2v=01;35:*.mkv=01;35:*.webm=01;35:*.ogm=01;35:*.mp4=01;35:*.m4v=01;35:*.mp4v=01;35:*.vob=01;35:*.qt=01;35:*.nuv=01;35:*.wmv=01;35:*.asf=01;35:*.rm=01;35:*.rmvb=01;35:*.flc=01;35:*.avi=01;35:*.fli=01;35:*.flv=01;35:*.gl=01;35:*.dl=01;35:*.xcf=01;35:*.xwd=01;35:*.yuv=01;35:*.cgm=01;35:*.emf=01;35:*.ogv=01;35:*.ogx=01;35:*.aac=00;36:*.au=00;36:*.flac=00;36:*.m4a=00;36:*.mid=00;36:*.midi=00;36:*.mka=00;36:*.mp3=00;36:*.mpc=00;36:*.ogg=00;36:*.ra=00;36:*.wav=00;36:*.oga=00;36:*.opus=00;36:*.spx=00;36:*.xspf=00;36:'), ('GNOME_TERMINAL_SERVICE', ':1.84'), ('SSH_AUTH_SOCK', '/run/user/1000/keyring/ssh'), ('AMENT_PREFIX_PATH', '/opt/ros/foxy'), ('CONDA_PYTHON_EXE', '/home/nvidia/anaconda3/bin/python'), ('SHELL', '/bin/bash'), ('QT_ACCESSIBILITY', '1'), ('GDMSESSION', 'ubuntu'), ('LESSCLOSE', '/usr/bin/lesspipe %s %s'), ('CONDA_DEFAULT_ENV', 'base'), ('GPG_AGENT_INFO', '/run/user/1000/gnupg/S.gpg-agent:0:1'), ('QT_IM_MODULE', 'ibus'), ('PWD', '/home/nvidia/robotics-orin/build/wheels_controller'), ('LC_ALL', 'en_US.UTF-8'), ('XDG_CONFIG_DIRS', '/etc/xdg/xdg-ubuntu:/etc/xdg'), ('CONDA_EXE', '/home/nvidia/anaconda3/bin/conda'), ('XDG_DATA_DIRS', '/usr/share/ubuntu:/usr/local/share/:/usr/share/:/var/lib/snapd/desktop'), ('PYTHONPATH', '/opt/ros/foxy/lib/python3.8/site-packages'), ('CONDA_PREFIX', '/home/nvidia/anaconda3'), ('COLCON', '1'), ('VTE_VERSION', '6003'), ('CMAKE_PREFIX_PATH', '/opt/ros/foxy')]), 'shell': False}
[2.041204] (absenc_interface) StdoutLine: {'line': b'-- Found ament_cmake: 0.9.12 (/opt/ros/foxy/share/ament_cmake/cmake)\n'}
[2.043922] (arm_controller) StdoutLine: {'line': b'-- Found ament_cmake: 0.9.12 (/opt/ros/foxy/share/ament_cmake/cmake)\n'}
[2.079235] (absenc_interface) StdoutLine: {'line': b'-- Found PythonInterp: /home/nvidia/anaconda3/bin/python3 (found suitable version "3.11.5", minimum required is "3") \n'}
[2.079730] (absenc_interface) StdoutLine: {'line': b'-- Using PYTHON_EXECUTABLE: /home/nvidia/anaconda3/bin/python3\n'}
[2.081429] (arm_controller) StdoutLine: {'line': b'-- Found PythonInterp: /home/nvidia/anaconda3/bin/python3 (found suitable version "3.11.5", minimum required is "3") \n'}
[2.081771] (arm_controller) StdoutLine: {'line': b'-- Using PYTHON_EXECUTABLE: /home/nvidia/anaconda3/bin/python3\n'}
[2.114602] (-) TimerEvent: {}
[2.133276] (sil) StdoutLine: {'line': b'[100%] Built target talker\n'}
[2.144701] (wheels_controller) StdoutLine: {'line': b'[100%] Built target wheels_controller_node\n'}
[2.154054] (sil) CommandEnded: {'returncode': 0}
[2.166283] (wheels_controller) CommandEnded: {'returncode': 0}
[2.199258] (sil) JobProgress: {'identifier': 'sil', 'progress': 'install'}
[2.214751] (-) TimerEvent: {}
[2.218382] (sil) Command: {'cmd': ['/usr/bin/cmake', '--install', '/home/nvidia/robotics-orin/build/sil'], 'cwd': '/home/nvidia/robotics-orin/build/sil', 'env': OrderedDict([('LESSOPEN', '| /usr/bin/lesspipe %s'), ('CONDA_PROMPT_MODIFIER', '(base)'), ('LANGUAGE', 'en_CA:en'), ('USER', 'nvidia'), ('SSH_AGENT_PID', '2934'), ('XDG_SESSION_TYPE', 'x11'), ('SHLVL', '1'), ('LD_LIBRARY_PATH', '/opt/ros/foxy/opt/yaml_cpp_vendor/lib:/opt/ros/foxy/opt/rviz_ogre_vendor/lib:/opt/ros/foxy/lib/aarch64-linux-gnu:/opt/ros/foxy/lib:/usr/local/cuda-11.4/lib64:'), ('HOME', '/home/nvidia'), ('CONDA_SHLVL', '1'), ('OLDPWD', '/home/nvidia'), ('DESKTOP_SESSION', 'ubuntu'), ('ROS_PYTHON_VERSION', '3'), ('GNOME_SHELL_SESSION_MODE', 'ubuntu'), ('GTK_MODULES', 'gail:atk-bridge'), ('MANAGERPID', '1909'), ('DBUS_SESSION_BUS_ADDRESS', 'unix:path=/run/user/1000/bus'), ('COLORTERM', 'truecolor'), ('_CE_M', ''), ('IM_CONFIG_PHASE', '1'), ('ROS_DISTRO', 'foxy'), ('LOGNAME', 'nvidia'), ('JOURNAL_STREAM', '8:59929'), ('_', '/usr/bin/colcon'), ('ROS_VERSION', '2'), ('XDG_SESSION_CLASS', 'user'), ('USERNAME', 'nvidia'), ('TERM', 'xterm-256color'), ('GNOME_DESKTOP_SESSION_ID', 'this-is-deprecated'), ('_CE_CONDA', ''), ('ROS_LOCALHOST_ONLY', '0'), ('WINDOWPATH', '2'), ('PATH', '/opt/ros/foxy/bin:/home/nvidia/anaconda3/bin:/home/nvidia/anaconda3/condabin:/usr/local/cuda-11.4/bin:/home/nvidia/.local/bin:/usr/local/sbin:/usr/local/bin:/usr/sbin:/usr/bin:/sbin:/bin:/usr/games:/usr/local/games:/snap/bin'), ('SESSION_MANAGER', 'local/nvidia:@/tmp/.ICE-unix/2971,unix/nvidia:/tmp/.ICE-unix/2971'), ('INVOCATION_ID', 'b0329f79702e4d72833628c80150e48e'), ('XDG_MENU_PREFIX', 'gnome-'), ('GNOME_TERMINAL_SCREEN', '/org/gnome/Terminal/screen/f84547bc_853e_4015_ab2f_d52d05562527'), ('XDG_RUNTIME_DIR', '/run/user/1000'), ('DISPLAY', ':0'), ('LANG', 'en_US.UTF-8'), ('XDG_CURRENT_DESKTOP', 'ubuntu:GNOME'), ('XMODIFIERS', '@im=ibus'), ('XDG_SESSION_DESKTOP', 'ubuntu'), ('XAUTHORITY', '/run/user/1000/gdm/Xauthority'), ('LS_COLORS', 'rs=0:di=01;34:ln=01;36:mh=00:pi=40;33:so=01;35:do=01;35:bd=40;33;01:cd=40;33;01:or=40;31;01:mi=00:su=37;41:sg=30;43:ca=30;41:tw=30;42:ow=34;42:st=37;44:ex=01;32:*.tar=01;31:*.tgz=01;31:*.arc=01;31:*.arj=01;31:*.taz=01;31:*.lha=01;31:*.lz4=01;31:*.lzh=01;31:*.lzma=01;31:*.tlz=01;31:*.txz=01;31:*.tzo=01;31:*.t7z=01;31:*.zip=01;31:*.z=01;31:*.dz=01;31:*.gz=01;31:*.lrz=01;31:*.lz=01;31:*.lzo=01;31:*.xz=01;31:*.zst=01;31:*.tzst=01;31:*.bz2=01;31:*.bz=01;31:*.tbz=01;31:*.tbz2=01;31:*.tz=01;31:*.deb=01;31:*.rpm=01;31:*.jar=01;31:*.war=01;31:*.ear=01;31:*.sar=01;31:*.rar=01;31:*.alz=01;31:*.ace=01;31:*.zoo=01;31:*.cpio=01;31:*.7z=01;31:*.rz=01;31:*.cab=01;31:*.wim=01;31:*.swm=01;31:*.dwm=01;31:*.esd=01;31:*.jpg=01;35:*.jpeg=01;35:*.mjpg=01;35:*.mjpeg=01;35:*.gif=01;35:*.bmp=01;35:*.pbm=01;35:*.pgm=01;35:*.ppm=01;35:*.tga=01;35:*.xbm=01;35:*.xpm=01;35:*.tif=01;35:*.tiff=01;35:*.png=01;35:*.svg=01;35:*.svgz=01;35:*.mng=01;35:*.pcx=01;35:*.mov=01;35:*.mpg=01;35:*.mpeg=01;35:*.m2v=01;35:*.mkv=01;35:*.webm=01;35:*.ogm=01;35:*.mp4=01;35:*.m4v=01;35:*.mp4v=01;35:*.vob=01;35:*.qt=01;35:*.nuv=01;35:*.wmv=01;35:*.asf=01;35:*.rm=01;35:*.rmvb=01;35:*.flc=01;35:*.avi=01;35:*.fli=01;35:*.flv=01;35:*.gl=01;35:*.dl=01;35:*.xcf=01;35:*.xwd=01;35:*.yuv=01;35:*.cgm=01;35:*.emf=01;35:*.ogv=01;35:*.ogx=01;35:*.aac=00;36:*.au=00;36:*.flac=00;36:*.m4a=00;36:*.mid=00;36:*.midi=00;36:*.mka=00;36:*.mp3=00;36:*.mpc=00;36:*.ogg=00;36:*.ra=00;36:*.wav=00;36:*.oga=00;36:*.opus=00;36:*.spx=00;36:*.xspf=00;36:'), ('GNOME_TERMINAL_SERVICE', ':1.84'), ('SSH_AUTH_SOCK', '/run/user/1000/keyring/ssh'), ('AMENT_PREFIX_PATH', '/opt/ros/foxy'), ('CONDA_PYTHON_EXE', '/home/nvidia/anaconda3/bin/python'), ('SHELL', '/bin/bash'), ('QT_ACCESSIBILITY', '1'), ('GDMSESSION', 'ubuntu'), ('LESSCLOSE', '/usr/bin/lesspipe %s %s'), ('CONDA_DEFAULT_ENV', 'base'), ('GPG_AGENT_INFO', '/run/user/1000/gnupg/S.gpg-agent:0:1'), ('QT_IM_MODULE', 'ibus'), ('PWD', '/home/nvidia/robotics-orin/build/sil'), ('LC_ALL', 'en_US.UTF-8'), ('XDG_CONFIG_DIRS', '/etc/xdg/xdg-ubuntu:/etc/xdg'), ('CONDA_EXE', '/home/nvidia/anaconda3/bin/conda'), ('XDG_DATA_DIRS', '/usr/share/ubuntu:/usr/local/share/:/usr/share/:/var/lib/snapd/desktop'), ('PYTHONPATH', '/opt/ros/foxy/lib/python3.8/site-packages'), ('CONDA_PREFIX', '/home/nvidia/anaconda3'), ('COLCON', '1'), ('VTE_VERSION', '6003'), ('CMAKE_PREFIX_PATH', '/opt/ros/foxy')]), 'shell': False}
[2.227941] (wheels_controller) JobProgress: {'identifier': 'wheels_controller', 'progress': 'install'}
[2.228658] (wheels_controller) Command: {'cmd': ['/usr/bin/cmake', '--install', '/home/nvidia/robotics-orin/build/wheels_controller'], 'cwd': '/home/nvidia/robotics-orin/build/wheels_controller', 'env': OrderedDict([('LESSOPEN', '| /usr/bin/lesspipe %s'), ('CONDA_PROMPT_MODIFIER', '(base)'), ('LANGUAGE', 'en_CA:en'), ('USER', 'nvidia'), ('SSH_AGENT_PID', '2934'), ('XDG_SESSION_TYPE', 'x11'), ('SHLVL', '1'), ('LD_LIBRARY_PATH', '/opt/ros/foxy/opt/yaml_cpp_vendor/lib:/opt/ros/foxy/opt/rviz_ogre_vendor/lib:/opt/ros/foxy/lib/aarch64-linux-gnu:/opt/ros/foxy/lib:/usr/local/cuda-11.4/lib64:'), ('HOME', '/home/nvidia'), ('CONDA_SHLVL', '1'), ('OLDPWD', '/home/nvidia'), ('DESKTOP_SESSION', 'ubuntu'), ('ROS_PYTHON_VERSION', '3'), ('GNOME_SHELL_SESSION_MODE', 'ubuntu'), ('GTK_MODULES', 'gail:atk-bridge'), ('MANAGERPID', '1909'), ('DBUS_SESSION_BUS_ADDRESS', 'unix:path=/run/user/1000/bus'), ('COLORTERM', 'truecolor'), ('_CE_M', ''), ('IM_CONFIG_PHASE', '1'), ('ROS_DISTRO', 'foxy'), ('LOGNAME', 'nvidia'), ('JOURNAL_STREAM', '8:59929'), ('_', '/usr/bin/colcon'), ('ROS_VERSION', '2'), ('XDG_SESSION_CLASS', 'user'), ('USERNAME', 'nvidia'), ('TERM', 'xterm-256color'), ('GNOME_DESKTOP_SESSION_ID', 'this-is-deprecated'), ('_CE_CONDA', ''), ('ROS_LOCALHOST_ONLY', '0'), ('WINDOWPATH', '2'), ('PATH', '/opt/ros/foxy/bin:/home/nvidia/anaconda3/bin:/home/nvidia/anaconda3/condabin:/usr/local/cuda-11.4/bin:/home/nvidia/.local/bin:/usr/local/sbin:/usr/local/bin:/usr/sbin:/usr/bin:/sbin:/bin:/usr/games:/usr/local/games:/snap/bin'), ('SESSION_MANAGER', 'local/nvidia:@/tmp/.ICE-unix/2971,unix/nvidia:/tmp/.ICE-unix/2971'), ('INVOCATION_ID', 'b0329f79702e4d72833628c80150e48e'), ('XDG_MENU_PREFIX', 'gnome-'), ('GNOME_TERMINAL_SCREEN', '/org/gnome/Terminal/screen/f84547bc_853e_4015_ab2f_d52d05562527'), ('XDG_RUNTIME_DIR', '/run/user/1000'), ('DISPLAY', ':0'), ('LANG', 'en_US.UTF-8'), ('XDG_CURRENT_DESKTOP', 'ubuntu:GNOME'), ('XMODIFIERS', '@im=ibus'), ('XDG_SESSION_DESKTOP', 'ubuntu'), ('XAUTHORITY', '/run/user/1000/gdm/Xauthority'), ('LS_COLORS', 'rs=0:di=01;34:ln=01;36:mh=00:pi=40;33:so=01;35:do=01;35:bd=40;33;01:cd=40;33;01:or=40;31;01:mi=00:su=37;41:sg=30;43:ca=30;41:tw=30;42:ow=34;42:st=37;44:ex=01;32:*.tar=01;31:*.tgz=01;31:*.arc=01;31:*.arj=01;31:*.taz=01;31:*.lha=01;31:*.lz4=01;31:*.lzh=01;31:*.lzma=01;31:*.tlz=01;31:*.txz=01;31:*.tzo=01;31:*.t7z=01;31:*.zip=01;31:*.z=01;31:*.dz=01;31:*.gz=01;31:*.lrz=01;31:*.lz=01;31:*.lzo=01;31:*.xz=01;31:*.zst=01;31:*.tzst=01;31:*.bz2=01;31:*.bz=01;31:*.tbz=01;31:*.tbz2=01;31:*.tz=01;31:*.deb=01;31:*.rpm=01;31:*.jar=01;31:*.war=01;31:*.ear=01;31:*.sar=01;31:*.rar=01;31:*.alz=01;31:*.ace=01;31:*.zoo=01;31:*.cpio=01;31:*.7z=01;31:*.rz=01;31:*.cab=01;31:*.wim=01;31:*.swm=01;31:*.dwm=01;31:*.esd=01;31:*.jpg=01;35:*.jpeg=01;35:*.mjpg=01;35:*.mjpeg=01;35:*.gif=01;35:*.bmp=01;35:*.pbm=01;35:*.pgm=01;35:*.ppm=01;35:*.tga=01;35:*.xbm=01;35:*.xpm=01;35:*.tif=01;35:*.tiff=01;35:*.png=01;35:*.svg=01;35:*.svgz=01;35:*.mng=01;35:*.pcx=01;35:*.mov=01;35:*.mpg=01;35:*.mpeg=01;35:*.m2v=01;35:*.mkv=01;35:*.webm=01;35:*.ogm=01;35:*.mp4=01;35:*.m4v=01;35:*.mp4v=01;35:*.vob=01;35:*.qt=01;35:*.nuv=01;35:*.wmv=01;35:*.asf=01;35:*.rm=01;35:*.rmvb=01;35:*.flc=01;35:*.avi=01;35:*.fli=01;35:*.flv=01;35:*.gl=01;35:*.dl=01;35:*.xcf=01;35:*.xwd=01;35:*.yuv=01;35:*.cgm=01;35:*.emf=01;35:*.ogv=01;35:*.ogx=01;35:*.aac=00;36:*.au=00;36:*.flac=00;36:*.m4a=00;36:*.mid=00;36:*.midi=00;36:*.mka=00;36:*.mp3=00;36:*.mpc=00;36:*.ogg=00;36:*.ra=00;36:*.wav=00;36:*.oga=00;36:*.opus=00;36:*.spx=00;36:*.xspf=00;36:'), ('GNOME_TERMINAL_SERVICE', ':1.84'), ('SSH_AUTH_SOCK', '/run/user/1000/keyring/ssh'), ('AMENT_PREFIX_PATH', '/opt/ros/foxy'), ('CONDA_PYTHON_EXE', '/home/nvidia/anaconda3/bin/python'), ('SHELL', '/bin/bash'), ('QT_ACCESSIBILITY', '1'), ('GDMSESSION', 'ubuntu'), ('LESSCLOSE', '/usr/bin/lesspipe %s %s'), ('CONDA_DEFAULT_ENV', 'base'), ('GPG_AGENT_INFO', '/run/user/1000/gnupg/S.gpg-agent:0:1'), ('QT_IM_MODULE', 'ibus'), ('PWD', '/home/nvidia/robotics-orin/build/wheels_controller'), ('LC_ALL', 'en_US.UTF-8'), ('XDG_CONFIG_DIRS', '/etc/xdg/xdg-ubuntu:/etc/xdg'), ('CONDA_EXE', '/home/nvidia/anaconda3/bin/conda'), ('XDG_DATA_DIRS', '/usr/share/ubuntu:/usr/local/share/:/usr/share/:/var/lib/snapd/desktop'), ('PYTHONPATH', '/opt/ros/foxy/lib/python3.8/site-packages'), ('CONDA_PREFIX', '/home/nvidia/anaconda3'), ('COLCON', '1'), ('VTE_VERSION', '6003'), ('CMAKE_PREFIX_PATH', '/opt/ros/foxy')]), 'shell': False}
[2.239932] (sil) StdoutLine: {'line': b'-- Install configuration: ""\n'}
[2.240713] (sil) StdoutLine: {'line': b'-- Execute custom install script\n'}
[2.241195] (sil) StdoutLine: {'line': b'-- Up-to-date symlink: /home/nvidia/robotics-orin/install/sil/lib/sil/talker\n'}
[2.243073] (sil) StdoutLine: {'line': b'-- Up-to-date symlink: /home/nvidia/robotics-orin/install/sil/share/ament_index/resource_index/package_run_dependencies/sil\n'}
[2.243348] (sil) StdoutLine: {'line': b'-- Up-to-date symlink: /home/nvidia/robotics-orin/install/sil/share/ament_index/resource_index/parent_prefix_path/sil\n'}
[2.243498] (sil) StdoutLine: {'line': b'-- Up-to-date symlink: /home/nvidia/robotics-orin/install/sil/share/sil/environment/ament_prefix_path.sh\n'}
[2.243620] (sil) StdoutLine: {'line': b'-- Up-to-date symlink: /home/nvidia/robotics-orin/install/sil/share/sil/environment/ament_prefix_path.dsv\n'}
[2.243898] (sil) StdoutLine: {'line': b'-- Up-to-date symlink: /home/nvidia/robotics-orin/install/sil/share/sil/environment/path.sh\n'}
[2.244048] (sil) StdoutLine: {'line': b'-- Up-to-date symlink: /home/nvidia/robotics-orin/install/sil/share/sil/environment/path.dsv\n'}
[2.244161] (sil) StdoutLine: {'line': b'-- Up-to-date symlink: /home/nvidia/robotics-orin/install/sil/share/sil/local_setup.bash\n'}
[2.245761] (sil) StdoutLine: {'line': b'-- Up-to-date symlink: /home/nvidia/robotics-orin/install/sil/share/sil/local_setup.sh\n'}
[2.245928] (sil) StdoutLine: {'line': b'-- Up-to-date symlink: /home/nvidia/robotics-orin/install/sil/share/sil/local_setup.zsh\n'}
[2.246048] (sil) StdoutLine: {'line': b'-- Up-to-date symlink: /home/nvidia/robotics-orin/install/sil/share/sil/local_setup.dsv\n'}
[2.246154] (sil) StdoutLine: {'line': b'-- Symlinking: /home/nvidia/robotics-orin/install/sil/share/sil/package.dsv\n'}
[2.250744] (wheels_controller) StdoutLine: {'line': b'-- Install configuration: ""\n'}
[2.251380] (wheels_controller) StdoutLine: {'line': b'-- Execute custom install script\n'}
[2.252071] (wheels_controller) StdoutLine: {'line': b'-- Up-to-date symlink: /home/nvidia/robotics-orin/install/wheels_controller/lib/wheels_controller/wheels_controller_node\n'}
[2.252587] (wheels_controller) StdoutLine: {'line': b'-- Up-to-date symlink: /home/nvidia/robotics-orin/install/wheels_controller/share/ament_index/resource_index/package_run_dependencies/wheels_controller\n'}
[2.252961] (wheels_controller) StdoutLine: {'line': b'-- Up-to-date symlink: /home/nvidia/robotics-orin/install/wheels_controller/share/ament_index/resource_index/parent_prefix_path/wheels_controller\n'}
[2.253346] (wheels_controller) StdoutLine: {'line': b'-- Up-to-date symlink: /home/nvidia/robotics-orin/install/wheels_controller/share/wheels_controller/environment/ament_prefix_path.sh\n'}
[2.253704] (wheels_controller) StdoutLine: {'line': b'-- Up-to-date symlink: /home/nvidia/robotics-orin/install/wheels_controller/share/wheels_controller/environment/ament_prefix_path.dsv\n'}
[2.254073] (wheels_controller) StdoutLine: {'line': b'-- Up-to-date symlink: /home/nvidia/robotics-orin/install/wheels_controller/share/wheels_controller/environment/path.sh\n'}
[2.254436] (wheels_controller) StdoutLine: {'line': b'-- Up-to-date symlink: /home/nvidia/robotics-orin/install/wheels_controller/share/wheels_controller/environment/path.dsv\n'}
[2.254803] (wheels_controller) StdoutLine: {'line': b'-- Up-to-date symlink: /home/nvidia/robotics-orin/install/wheels_controller/share/wheels_controller/local_setup.bash\n'}
[2.255154] (wheels_controller) StdoutLine: {'line': b'-- Up-to-date symlink: /home/nvidia/robotics-orin/install/wheels_controller/share/wheels_controller/local_setup.sh\n'}
[2.255541] (wheels_controller) StdoutLine: {'line': b'-- Up-to-date symlink: /home/nvidia/robotics-orin/install/wheels_controller/share/wheels_controller/local_setup.zsh\n'}
[2.255903] (wheels_controller) StdoutLine: {'line': b'-- Up-to-date symlink: /home/nvidia/robotics-orin/install/wheels_controller/share/wheels_controller/local_setup.dsv\n'}
[2.256206] (wheels_controller) StdoutLine: {'line': b'-- Symlinking: /home/nvidia/robotics-orin/install/wheels_controller/share/wheels_controller/package.dsv\n'}
[2.262782] (sil) StdoutLine: {'line': b'-- Up-to-date symlink: /home/nvidia/robotics-orin/install/sil/share/ament_index/resource_index/packages/sil\n'}
[2.263525] (sil) StdoutLine: {'line': b'-- Up-to-date symlink: /home/nvidia/robotics-orin/install/sil/share/sil/cmake/silConfig.cmake\n'}
[2.264062] (sil) StdoutLine: {'line': b'-- Up-to-date symlink: /home/nvidia/robotics-orin/install/sil/share/sil/cmake/silConfig-version.cmake\n'}
[2.264856] (sil) StdoutLine: {'line': b'-- Up-to-date symlink: /home/nvidia/robotics-orin/install/sil/share/sil/package.xml\n'}
[2.268667] (sil) CommandEnded: {'returncode': 0}
[2.273871] (wheels_controller) StdoutLine: {'line': b'-- Up-to-date symlink: /home/nvidia/robotics-orin/install/wheels_controller/share/ament_index/resource_index/packages/wheels_controller\n'}
[2.274894] (wheels_controller) StdoutLine: {'line': b'-- Up-to-date symlink: /home/nvidia/robotics-orin/install/wheels_controller/share/wheels_controller/cmake/wheels_controllerConfig.cmake\n'}
[2.275190] (wheels_controller) StdoutLine: {'line': b'-- Up-to-date symlink: /home/nvidia/robotics-orin/install/wheels_controller/share/wheels_controller/cmake/wheels_controllerConfig-version.cmake\n'}
[2.276027] (wheels_controller) StdoutLine: {'line': b'-- Up-to-date symlink: /home/nvidia/robotics-orin/install/wheels_controller/share/wheels_controller/package.xml\n'}
[2.315047] (-) TimerEvent: {}
[2.416593] (-) TimerEvent: {}
[2.423686] (absenc_interface) StdoutLine: {'line': b'-- Override CMake install command with custom implementation using symlinks instead of copying resources\n'}
[2.435326] (absenc_interface) StdoutLine: {'line': b'-- Found rclcpp: 2.4.3 (/opt/ros/foxy/share/rclcpp/cmake)\n'}
[2.455154] (arm_controller) StdoutLine: {'line': b'-- Override CMake install command with custom implementation using symlinks instead of copying resources\n'}
[2.466232] (arm_controller) StdoutLine: {'line': b'-- Found rclcpp: 2.4.3 (/opt/ros/foxy/share/rclcpp/cmake)\n'}
[2.483271] (absenc_interface) StdoutLine: {'line': b'-- Using all available rosidl_typesupport_c: rosidl_typesupport_fastrtps_c;rosidl_typesupport_introspection_c\n'}
[2.488000] (absenc_interface) StdoutLine: {'line': b'-- Found rosidl_adapter: 1.3.1 (/opt/ros/foxy/share/rosidl_adapter/cmake)\n'}
[2.515751] (arm_controller) StdoutLine: {'line': b'-- Using all available rosidl_typesupport_c: rosidl_typesupport_fastrtps_c;rosidl_typesupport_introspection_c\n'}
[2.516669] (-) TimerEvent: {}
[2.519781] (arm_controller) StdoutLine: {'line': b'-- Found rosidl_adapter: 1.3.1 (/opt/ros/foxy/share/rosidl_adapter/cmake)\n'}
[2.616832] (-) TimerEvent: {}
[2.676894] (absenc_interface) StdoutLine: {'line': b'-- Using all available rosidl_typesupport_cpp: rosidl_typesupport_fastrtps_cpp;rosidl_typesupport_introspection_cpp\n'}
[2.707597] (arm_controller) StdoutLine: {'line': b'-- Using all available rosidl_typesupport_cpp: rosidl_typesupport_fastrtps_cpp;rosidl_typesupport_introspection_cpp\n'}
[2.717031] (-) TimerEvent: {}
[2.745438] (absenc_interface) StdoutLine: {'line': b'-- Found rmw_implementation_cmake: 1.0.4 (/opt/ros/foxy/share/rmw_implementation_cmake/cmake)\n'}
[2.749026] (absenc_interface) StdoutLine: {'line': b"-- Using RMW implementation 'rmw_fastrtps_cpp' as default\n"}
[2.777183] (arm_controller) StdoutLine: {'line': b'-- Found rmw_implementation_cmake: 1.0.4 (/opt/ros/foxy/share/rmw_implementation_cmake/cmake)\n'}
[2.779062] (arm_controller) StdoutLine: {'line': b"-- Using RMW implementation 'rmw_fastrtps_cpp' as default\n"}
[2.799348] (wheels_controller) CommandEnded: {'returncode': 0}
[2.817266] (-) TimerEvent: {}
[2.918207] (-) TimerEvent: {}
[2.942700] (absenc_interface) StdoutLine: {'line': b'-- Found sensor_msgs: 2.0.5 (/opt/ros/foxy/share/sensor_msgs/cmake)\n'}
[2.975828] (arm_controller) StdoutLine: {'line': b'-- Found sensor_msgs: 2.0.5 (/opt/ros/foxy/share/sensor_msgs/cmake)\n'}
[3.018772] (-) TimerEvent: {}
[3.095577] (absenc_interface) StdoutLine: {'line': b'-- Found rosidl_default_generators: 1.0.1 (/opt/ros/foxy/share/rosidl_default_generators/cmake)\n'}
[3.119037] (-) TimerEvent: {}
[3.134148] (arm_controller) StdoutLine: {'line': b'-- Found rosidl_default_generators: 1.0.1 (/opt/ros/foxy/share/rosidl_default_generators/cmake)\n'}
[3.147418] (absenc_interface) StdoutLine: {'line': b'-- Found PythonInterp: /home/nvidia/anaconda3/bin/python3 (found version "3.11.5") \n'}
[3.164830] (arm_controller) StderrLine: {'line': b'CMake Warning at CMakeLists.txt:18 (find_package):\n'}
[3.166088] (arm_controller) StderrLine: {'line': b'  By not providing "FindJetsonGPIO.cmake" in CMAKE_MODULE_PATH this project\n'}
[3.166836] (arm_controller) StderrLine: {'line': b'  has asked CMake to find a package configuration file provided by\n'}
[3.167579] (arm_controller) StderrLine: {'line': b'  "JetsonGPIO", but CMake did not find one.\n'}
[3.168125] (arm_controller) StderrLine: {'line': b'\n'}
[3.169155] (arm_controller) StderrLine: {'line': b'  Could not find a package configuration file provided by "JetsonGPIO" with\n'}
[3.169376] (arm_controller) StderrLine: {'line': b'  any of the following names:\n'}
[3.170111] (arm_controller) StderrLine: {'line': b'\n'}
[3.171069] (arm_controller) StderrLine: {'line': b'    JetsonGPIOConfig.cmake\n'}
[3.171558] (arm_controller) StderrLine: {'line': b'    jetsongpio-config.cmake\n'}
[3.172317] (arm_controller) StderrLine: {'line': b'\n'}
[3.173004] (arm_controller) StderrLine: {'line': b'  Add the installation prefix of "JetsonGPIO" to CMAKE_PREFIX_PATH or set\n'}
[3.173969] (arm_controller) StderrLine: {'line': b'  "JetsonGPIO_DIR" to a directory containing one of the above files.  If\n'}
[3.174431] (arm_controller) StderrLine: {'line': b'  "JetsonGPIO" provides a separate development package or SDK, be sure it has\n'}
[3.174986] (arm_controller) StderrLine: {'line': b'  been installed.\n'}
[3.175530] (arm_controller) StderrLine: {'line': b'\n'}
[3.176846] (arm_controller) StderrLine: {'line': b'\n'}
[3.206162] (arm_controller) StdoutLine: {'line': b'-- Found PythonInterp: /home/nvidia/anaconda3/bin/python3 (found version "3.11.5") \n'}
[3.219691] (-) TimerEvent: {}
[3.253298] (absenc_interface) StderrLine: {'line': b'CMake Error at /opt/ros/foxy/share/rosidl_adapter/cmake/rosidl_adapt_interfaces.cmake:60 (message):\n'}
[3.254605] (absenc_interface) StderrLine: {'line': b'  execute_process(/home/nvidia/anaconda3/bin/python3 -m rosidl_adapter\n'}
[3.255221] (absenc_interface) StderrLine: {'line': b'  --package-name absenc_interface --arguments-file\n'}
[3.255465] (absenc_interface) StderrLine: {'line': b'  /home/nvidia/robotics-orin/build/absenc_interface/rosidl_adapter__arguments__absenc_interface.json\n'}
[3.256169] (absenc_interface) StderrLine: {'line': b'  --output-dir\n'}
[3.256967] (absenc_interface) StderrLine: {'line': b'  /home/nvidia/robotics-orin/build/absenc_interface/rosidl_adapter/absenc_interface\n'}
[3.257475] (absenc_interface) StderrLine: {'line': b'  --output-file\n'}
[3.258170] (absenc_interface) StderrLine: {'line': b'  /home/nvidia/robotics-orin/build/absenc_interface/rosidl_adapter/absenc_interface.idls)\n'}
[3.258711] (absenc_interface) StderrLine: {'line': b'  returned error code 1:\n'}
[3.259174] (absenc_interface) StderrLine: {'line': b'\n'}
[3.259690] (absenc_interface) StderrLine: {'line': b"  AttributeError processing template 'msg.idl.em'\n"}
[3.261229] (absenc_interface) StderrLine: {'line': b'\n'}
[3.261585] (absenc_interface) StderrLine: {'line': b'  Traceback (most recent call last):\n'}
[3.262283] (absenc_interface) StderrLine: {'line': b'\n'}
[3.262474] (absenc_interface) StderrLine: {'line': b'    File "/opt/ros/foxy/lib/python3.8/site-packages/rosidl_adapter/resource/__init__.py", line 51, in evaluate_template\n'}
[3.262907] (absenc_interface) StderrLine: {'line': b'      em.BUFFERED_OPT: True,\n'}
[3.263378] (absenc_interface) StderrLine: {'line': b'      ^^^^^^^^^^^^^^^\n'}
[3.264109] (absenc_interface) StderrLine: {'line': b'\n'}
[3.264858] (absenc_interface) StderrLine: {'line': b"  AttributeError: module 'em' has no attribute 'BUFFERED_OPT'\n"}
[3.265431] (absenc_interface) StderrLine: {'line': b'\n'}
[3.265710] (absenc_interface) StderrLine: {'line': b'  \n'}
[3.266355] (absenc_interface) StderrLine: {'line': b'\n'}
[3.268707] (absenc_interface) StderrLine: {'line': b'  During handling of the above exception, another exception occurred:\n'}
[3.269303] (absenc_interface) StderrLine: {'line': b'\n'}
[3.269722] (absenc_interface) StderrLine: {'line': b'  \n'}
[3.270168] (absenc_interface) StderrLine: {'line': b'\n'}
[3.271684] (absenc_interface) StderrLine: {'line': b'  Traceback (most recent call last):\n'}
[3.271927] (absenc_interface) StderrLine: {'line': b'\n'}
[3.272561] (absenc_interface) StderrLine: {'line': b'    File "<frozen runpy>", line 198, in _run_module_as_main\n'}
[3.272783] (absenc_interface) StderrLine: {'line': b'    File "<frozen runpy>", line 88, in _run_code\n'}
[3.273460] (absenc_interface) StderrLine: {'line': b'    File "/opt/ros/foxy/lib/python3.8/site-packages/rosidl_adapter/__main__.py", line 19, in <module>\n'}
[3.273678] (absenc_interface) StderrLine: {'line': b'      sys.exit(main())\n'}
[3.274078] (absenc_interface) StderrLine: {'line': b'               ^^^^^^\n'}
[3.274598] (absenc_interface) StderrLine: {'line': b'    File "/opt/ros/foxy/lib/python3.8/site-packages/rosidl_adapter/main.py", line 53, in main\n'}
[3.275190] (absenc_interface) StderrLine: {'line': b'      abs_idl_file = convert_to_idl(\n'}
[3.275462] (absenc_interface) StderrLine: {'line': b'                     ^^^^^^^^^^^^^^^\n'}
[3.276027] (absenc_interface) StderrLine: {'line': b'    File "/opt/ros/foxy/lib/python3.8/site-packages/rosidl_adapter/__init__.py", line 19, in convert_to_idl\n'}
[3.276292] (absenc_interface) StderrLine: {'line': b'      return convert_msg_to_idl(\n'}
[3.276831] (absenc_interface) StderrLine: {'line': b'             ^^^^^^^^^^^^^^^^^^^\n'}
[3.277281] (absenc_interface) StderrLine: {'line': b'    File "/opt/ros/foxy/lib/python3.8/site-packages/rosidl_adapter/msg/__init__.py", line 39, in convert_msg_to_idl\n'}
[3.277753] (absenc_interface) StderrLine: {'line': b"      expand_template('msg.idl.em', data, output_file, encoding='iso-8859-1')\n"}
[3.278130] (absenc_interface) StderrLine: {'line': b'    File "/opt/ros/foxy/lib/python3.8/site-packages/rosidl_adapter/resource/__init__.py", line 23, in expand_template\n'}
[3.278628] (absenc_interface) StderrLine: {'line': b'      content = evaluate_template(template_name, data)\n'}
[3.278851] (absenc_interface) StderrLine: {'line': b'                ^^^^^^^^^^^^^^^^^^^^^^^^^^^^^^^^^^^^^^\n'}
[3.279527] (absenc_interface) StderrLine: {'line': b'    File "/opt/ros/foxy/lib/python3.8/site-packages/rosidl_adapter/resource/__init__.py", line 69, in evaluate_template\n'}
[3.280540] (absenc_interface) StderrLine: {'line': b'      _interpreter.shutdown()\n'}
[3.280969] (absenc_interface) StderrLine: {'line': b'      ^^^^^^^^^^^^^^^^^^^^^\n'}
[3.281448] (absenc_interface) StderrLine: {'line': b'\n'}
[3.281680] (absenc_interface) StderrLine: {'line': b"  AttributeError: 'NoneType' object has no attribute 'shutdown'\n"}
[3.282130] (absenc_interface) StderrLine: {'line': b'\n'}
[3.282595] (absenc_interface) StderrLine: {'line': b'Call Stack (most recent call first):\n'}
[3.282963] (absenc_interface) StderrLine: {'line': b'  /opt/ros/foxy/share/rosidl_cmake/cmake/rosidl_generate_interfaces.cmake:130 (rosidl_adapt_interfaces)\n'}
[3.283332] (absenc_interface) StderrLine: {'line': b'  CMakeLists.txt:18 (rosidl_generate_interfaces)\n'}
[3.283696] (absenc_interface) StderrLine: {'line': b'\n'}
[3.284083] (absenc_interface) StderrLine: {'line': b'\n'}
[3.284408] (absenc_interface) StdoutLine: {'line': b'-- Configuring incomplete, errors occurred!\n'}
[3.284823] (absenc_interface) StdoutLine: {'line': b'See also "/home/nvidia/robotics-orin/build/absenc_interface/CMakeFiles/CMakeOutput.log".\n'}
[3.285400] (absenc_interface) StdoutLine: {'line': b'See also "/home/nvidia/robotics-orin/build/absenc_interface/CMakeFiles/CMakeError.log".\n'}
[3.309323] (arm_controller) StderrLine: {'line': b'CMake Error at /opt/ros/foxy/share/rosidl_adapter/cmake/rosidl_adapt_interfaces.cmake:60 (message):\n'}
[3.310823] (arm_controller) StderrLine: {'line': b'  execute_process(/home/nvidia/anaconda3/bin/python3 -m rosidl_adapter\n'}
[3.311022] (arm_controller) StderrLine: {'line': b'  --package-name arm_controller --arguments-file\n'}
[3.311592] (arm_controller) StderrLine: {'line': b'  /home/nvidia/robotics-orin/build/arm_controller/rosidl_adapter__arguments__arm_controller.json\n'}
[3.311791] (arm_controller) StderrLine: {'line': b'  --output-dir\n'}
[3.311909] (arm_controller) StderrLine: {'line': b'  /home/nvidia/robotics-orin/build/arm_controller/rosidl_adapter/arm_controller\n'}
[3.312096] (arm_controller) StderrLine: {'line': b'  --output-file\n'}
[3.312438] (arm_controller) StderrLine: {'line': b'  /home/nvidia/robotics-orin/build/arm_controller/rosidl_adapter/arm_controller.idls)\n'}
[3.312733] (arm_controller) StderrLine: {'line': b'  returned error code 1:\n'}
[3.313169] (arm_controller) StderrLine: {'line': b'\n'}
[3.313297] (arm_controller) StderrLine: {'line': b"  AttributeError processing template 'msg.idl.em'\n"}
[3.313549] (arm_controller) StderrLine: {'line': b'\n'}
[3.313974] (arm_controller) StderrLine: {'line': b'  Traceback (most recent call last):\n'}
[3.314363] (arm_controller) StderrLine: {'line': b'\n'}
[3.314533] (arm_controller) StderrLine: {'line': b'    File "/opt/ros/foxy/lib/python3.8/site-packages/rosidl_adapter/resource/__init__.py", line 51, in evaluate_template\n'}
[3.314716] (arm_controller) StderrLine: {'line': b'      em.BUFFERED_OPT: True,\n'}
[3.315120] (arm_controller) StderrLine: {'line': b'      ^^^^^^^^^^^^^^^\n'}
[3.315451] (arm_controller) StderrLine: {'line': b'\n'}
[3.315618] (arm_controller) StderrLine: {'line': b"  AttributeError: module 'em' has no attribute 'BUFFERED_OPT'\n"}
[3.315811] (arm_controller) StderrLine: {'line': b'\n'}
[3.316150] (arm_controller) StderrLine: {'line': b'  \n'}
[3.316474] (arm_controller) StderrLine: {'line': b'\n'}
[3.316667] (arm_controller) StderrLine: {'line': b'  During handling of the above exception, another exception occurred:\n'}
[3.316856] (arm_controller) StderrLine: {'line': b'\n'}
[3.317278] (arm_controller) StderrLine: {'line': b'  \n'}
[3.317559] (arm_controller) StderrLine: {'line': b'\n'}
[3.317723] (arm_controller) StderrLine: {'line': b'  Traceback (most recent call last):\n'}
[3.318231] (arm_controller) StderrLine: {'line': b'\n'}
[3.322194] (-) TimerEvent: {}
[3.322908] (arm_controller) StderrLine: {'line': b'    File "<frozen runpy>", line 198, in _run_module_as_main\n'}
[3.323208] (arm_controller) StderrLine: {'line': b'    File "<frozen runpy>", line 88, in _run_code\n'}
[3.323365] (arm_controller) StderrLine: {'line': b'    File "/opt/ros/foxy/lib/python3.8/site-packages/rosidl_adapter/__main__.py", line 19, in <module>\n'}
[3.323482] (arm_controller) StderrLine: {'line': b'      sys.exit(main())\n'}
[3.323580] (arm_controller) StderrLine: {'line': b'               ^^^^^^\n'}
[3.323681] (arm_controller) StderrLine: {'line': b'    File "/opt/ros/foxy/lib/python3.8/site-packages/rosidl_adapter/main.py", line 53, in main\n'}
[3.323780] (arm_controller) StderrLine: {'line': b'      abs_idl_file = convert_to_idl(\n'}
[3.323871] (arm_controller) StderrLine: {'line': b'                     ^^^^^^^^^^^^^^^\n'}
[3.323959] (arm_controller) StderrLine: {'line': b'    File "/opt/ros/foxy/lib/python3.8/site-packages/rosidl_adapter/__init__.py", line 19, in convert_to_idl\n'}
[3.324068] (arm_controller) StderrLine: {'line': b'      return convert_msg_to_idl(\n'}
[3.324159] (arm_controller) StderrLine: {'line': b'             ^^^^^^^^^^^^^^^^^^^\n'}
[3.324346] (arm_controller) StderrLine: {'line': b'    File "/opt/ros/foxy/lib/python3.8/site-packages/rosidl_adapter/msg/__init__.py", line 39, in convert_msg_to_idl\n'}
[3.324621] (arm_controller) StderrLine: {'line': b"      expand_template('msg.idl.em', data, output_file, encoding='iso-8859-1')\n"}
[3.324739] (arm_controller) StderrLine: {'line': b'    File "/opt/ros/foxy/lib/python3.8/site-packages/rosidl_adapter/resource/__init__.py", line 23, in expand_template\n'}
[3.324849] (arm_controller) StderrLine: {'line': b'      content = evaluate_template(template_name, data)\n'}
[3.324981] (arm_controller) StderrLine: {'line': b'                ^^^^^^^^^^^^^^^^^^^^^^^^^^^^^^^^^^^^^^\n'}
[3.325944] (arm_controller) StderrLine: {'line': b'    File "/opt/ros/foxy/lib/python3.8/site-packages/rosidl_adapter/resource/__init__.py", line 69, in evaluate_template\n'}
[3.326295] (arm_controller) StderrLine: {'line': b'      _interpreter.shutdown()\n'}
[3.326632] (arm_controller) StderrLine: {'line': b'      ^^^^^^^^^^^^^^^^^^^^^\n'}
[3.327497] (arm_controller) StderrLine: {'line': b'\n'}
[3.328405] (arm_controller) StderrLine: {'line': b"  AttributeError: 'NoneType' object has no attribute 'shutdown'\n"}
[3.328874] (arm_controller) StderrLine: {'line': b'\n'}
[3.329045] (arm_controller) StderrLine: {'line': b'Call Stack (most recent call first):\n'}
[3.332642] (arm_controller) StderrLine: {'line': b'  /opt/ros/foxy/share/rosidl_cmake/cmake/rosidl_generate_interfaces.cmake:130 (rosidl_adapt_interfaces)\n'}
[3.333522] (arm_controller) StderrLine: {'line': b'  CMakeLists.txt:20 (rosidl_generate_interfaces)\n'}
[3.333656] (arm_controller) StderrLine: {'line': b'\n'}
[3.333767] (arm_controller) StderrLine: {'line': b'\n'}
[3.333868] (arm_controller) StdoutLine: {'line': b'-- Configuring incomplete, errors occurred!\n'}
[3.334053] (arm_controller) StdoutLine: {'line': b'See also "/home/nvidia/robotics-orin/build/arm_controller/CMakeFiles/CMakeOutput.log".\n'}
[3.334163] (arm_controller) StdoutLine: {'line': b'See also "/home/nvidia/robotics-orin/build/arm_controller/CMakeFiles/CMakeError.log".\n'}
[3.334275] (absenc_interface) CommandEnded: {'returncode': 1}
[3.422352] (-) TimerEvent: {}
[3.523069] (-) TimerEvent: {}
[3.623886] (-) TimerEvent: {}
[3.725157] (-) TimerEvent: {}
[3.826132] (-) TimerEvent: {}
[3.926810] (-) TimerEvent: {}
[3.984069] (sil) JobEnded: {'identifier': 'sil', 'rc': 0}
[3.986708] (arm_controller) CommandEnded: {'returncode': 1}
[4.026982] (-) TimerEvent: {}
[4.127552] (-) TimerEvent: {}
[4.228870] (-) TimerEvent: {}
[4.329714] (-) TimerEvent: {}
[4.430458] (-) TimerEvent: {}
[4.531172] (-) TimerEvent: {}
[4.632107] (-) TimerEvent: {}
[4.643398] (wheels_controller) JobEnded: {'identifier': 'wheels_controller', 'rc': 0}
[4.732467] (-) TimerEvent: {}
[4.833173] (-) TimerEvent: {}
[4.934054] (-) TimerEvent: {}
[4.969078] (absenc_interface) JobEnded: {'identifier': 'absenc_interface', 'rc': 1}
[4.970637] (arm_controller) JobEnded: {'identifier': 'arm_controller', 'rc': 'SIGINT'}
[4.980799] (-) EventReactorShutdown: {}
