[0.611s] Invoking command in '/home/nvidia/robotics-orin/build/wheels_controller': CMAKE_PREFIX_PATH=/opt/ros/humble CONDA_PROMPT_MODIFIER=(base) /usr/bin/cmake --build /home/nvidia/robotics-orin/build/wheels_controller -- -j6 -l6
[0.695s] [35m[1mScanning dependencies of target wheels_controller_node[0m
[0.867s] [ 25%] [32mBuilding CXX object CMakeFiles/wheels_controller_node.dir/src/wheels_controller_node.cpp.o[0m
[0.887s] [ 50%] [32mBuilding CXX object CMakeFiles/wheels_controller_node.dir/src/can_controller.cpp.o[0m
[0.887s] [ 75%] [32mBuilding CXX object CMakeFiles/wheels_controller_node.dir/src/rev_motor_controller.cpp.o[0m
[6.984s] In file included from [01m[K/home/nvidia/robotics-orin/src/wheels_controller/src/wheels_controller_node.cpp:1[m[K:
[6.984s] [01m[K/home/nvidia/robotics-orin/src/wheels_controller/src/wheels_controller_node.h:26:13:[m[K [01;31m[Kerror: [m[Kâ€˜[01m[Kcallback_group[m[Kâ€™ in namespace â€˜[01m[Krclcpp[m[Kâ€™ does not name a type; did you mean â€˜[01m[KCallbackGroup[m[Kâ€™?
[6.984s]    26 |     rclcpp::[01;31m[Kcallback_group[m[K::CallbackGroup::SharedPtr update_group;
[6.984s]       |             [01;31m[K^~~~~~~~~~~~~~[m[K
[6.984s]       |             [32m[KCallbackGroup[m[K
[7.191s] [01m[K/home/nvidia/robotics-orin/src/wheels_controller/src/wheels_controller_node.cpp:[m[K In member function â€˜[01m[Kvoid WheelsControllerNode::pollControllersCallback()[m[Kâ€™:
[7.191s] [01m[K/home/nvidia/robotics-orin/src/wheels_controller/src/wheels_controller_node.cpp:49:22:[m[K [01;35m[Kwarning: [m[Kunused variable â€˜[01m[Kframe[m[Kâ€™ [[01;35m[K-Wunused-variable[m[K]
[7.191s]    49 |     struct can_frame [01;35m[Kframe[m[K;
[7.191s]       |                      [01;35m[K^~~~~[m[K
[14.735s] make[2]: *** [CMakeFiles/wheels_controller_node.dir/build.make:63: CMakeFiles/wheels_controller_node.dir/src/wheels_controller_node.cpp.o] Error 1
[14.736s] make[1]: *** [CMakeFiles/Makefile2:78: CMakeFiles/wheels_controller_node.dir/all] Error 2
[14.736s] make: *** [Makefile:141: all] Error 2
